<?xml version="1.0" encoding="UTF-8"?>
<testsuite xmlns:xsi="http://www.w3.org/2001/XMLSchema-instance" xsi:noNamespaceSchemaLocation="https://maven.apache.org/surefire/maven-surefire-plugin/xsd/surefire-test-report-3.0.xsd" version="3.0" name="TestSuite" time="102.823" tests="3" errors="0" skipped="0" failures="1">
  <properties>
[...]
</properties>
  <testcase name="home" classname="mobile.Plutus_Payzapp.ECommerceTC1" time="41.691">
    <failure message="expected [Please enter your name] but found [Please entersss your name]" type="java.lang.AssertionError"><![CDATA[java.lang.AssertionError: expected [Please enter your name] but found [Please entersss your name]
	at mobile.Plutus_Payzapp.ECommerceTC1.home(ECommerceTC1.java:50)
]]></failure>
    <system-out><![CDATA[&amp#27;[35m[Appium]&amp#27;[39m Welcome to Appium v1.21.0
&amp#27;[35m[Appium]&amp#27;[39m Appium REST http interface listener started on 0.0.0.0:4723
&amp#27;[35m[HTTP]&amp#27;[39m &amp#27;[37m-->&amp#27;[39m &amp#27;[37mGET&amp#27;[39m &amp#27;[37m/wd/hub/status&amp#27;[39m
&amp#27;[35m[HTTP]&amp#27;[39m &amp#27;[90m{}&amp#27;[39m
[debug] &amp#27;[35m[GENERIC]&amp#27;[39m Calling AppiumDriver.getStatus() with args: []
[debug] &amp#27;[35m[GENERIC]&amp#27;[39m Responding to client with driver.getStatus() result: {"build":{"version":"1.21.0"}}
&amp#27;[35m[HTTP]&amp#27;[39m &amp#27;[37m<-- GET /wd/hub/status &amp#27;[39m&amp#27;[32m200&amp#27;[39m &amp#27;[90m12 ms - 68&amp#27;[39m
&amp#27;[35m[HTTP]&amp#27;[39m &amp#27;[90m&amp#27;[39m
Hit Batch FileC:\Users\krishan Bhalla\eclipse-workspace\Plutus_Payzapp\src\main\java\resources\startEmulator.bat
[debug] &amp#27;[35m[HTTP]&amp#27;[39m Request idempotency key: 4a0797a6-2a1c-4c62-987d-b376b09bd00b
&amp#27;[35m[HTTP]&amp#27;[39m &amp#27;[37m-->&amp#27;[39m &amp#27;[37mPOST&amp#27;[39m &amp#27;[37m/wd/hub/session&amp#27;[39m
&amp#27;[35m[HTTP]&amp#27;[39m &amp#27;[90m{"desiredCapabilities":{"app":"C:\\Users\\krishan Bhalla\\eclipse-workspace\\Plutus_Payzapp\\src\\main\\java\\General-Store.apk","automationName":"uiautomator2","platformName":"Android","newCommandTimeout":14},"capabilities":{"firstMatch":[{"appium:app":"C:\\Users\\krishan Bhalla\\eclipse-workspace\\Plutus_Payzapp\\src\\main\\java\\General-Store.apk","appium:automationName":"uiautomator2","appium:newCommandTimeout":14,"platformName":"android"}]}}&amp#27;[39m
[debug] &amp#27;[35m[W3C]&amp#27;[39m Calling AppiumDriver.createSession() with args: [{"app":"C:\\Users\\krishan Bhalla\\eclipse-workspace\\Plutus_Payzapp\\src\\main\\java\\General-Store.apk","automationName":"uiautomator2","platformName":"Android","newCommandTimeout":14},null,{"firstMatch":[{"appium:app":"C:\\Users\\krishan Bhalla\\eclipse-workspace\\Plutus_Payzapp\\src\\main\\java\\General-Store.apk","appium:automationName":"uiautomator2","appium:newCommandTimeout":14,"platformName":"android"}]}]
[debug] &amp#27;[35m[BaseDriver]&amp#27;[39m Event 'newSessionRequested' logged at 1629636416761 (18:16:56 GMT+0530 (India Standard Time))
&amp#27;[35m[Appium]&amp#27;[39m Appium v1.21.0 creating new AndroidUiautomator2Driver (v1.65.0) session
[debug] &amp#27;[35m[BaseDriver]&amp#27;[39m W3C capabilities and MJSONWP desired capabilities were provided
[debug] &amp#27;[35m[BaseDriver]&amp#27;[39m Creating session with W3C capabilities: {
[debug] &amp#27;[35m[BaseDriver]&amp#27;[39m   "alwaysMatch": {
[debug] &amp#27;[35m[BaseDriver]&amp#27;[39m     "platformName": "android",
[debug] &amp#27;[35m[BaseDriver]&amp#27;[39m     "appium:app": "C:\\Users\\krishan Bhalla\\eclipse-workspace\\Plutus_Payzapp\\src\\main\\java\\General-Store.apk",
[debug] &amp#27;[35m[BaseDriver]&amp#27;[39m     "appium:automationName": "uiautomator2",
[debug] &amp#27;[35m[BaseDriver]&amp#27;[39m     "appium:newCommandTimeout": 14
[debug] &amp#27;[35m[BaseDriver]&amp#27;[39m   },
[debug] &amp#27;[35m[BaseDriver]&amp#27;[39m   "firstMatch": [
[debug] &amp#27;[35m[BaseDriver]&amp#27;[39m     {}
[debug] &amp#27;[35m[BaseDriver]&amp#27;[39m   ]
[debug] &amp#27;[35m[BaseDriver]&amp#27;[39m }
&amp#27;[35m[BaseDriver]&amp#27;[39m Session created with session id: a8a4d718-1960-47b5-be7d-05b580577608
&amp#27;[35m[BaseDriver]&amp#27;[39m Using local app 'C:\Users\krishan Bhalla\eclipse-workspace\Plutus_Payzapp\src\main\java\General-Store.apk'
[debug] &amp#27;[35m[UiAutomator2]&amp#27;[39m Checking whether app is actually present
&amp#27;[35m[ADB]&amp#27;[39m Found 2 'build-tools' folders under 'C:\Users\krishan Bhalla\AppData\Local\Android\Sdk' (newest first):
&amp#27;[35m[ADB]&amp#27;[39m     C:/Users/krishan Bhalla/AppData/Local/Android/Sdk/build-tools/31.0.0
&amp#27;[35m[ADB]&amp#27;[39m     C:/Users/krishan Bhalla/AppData/Local/Android/Sdk/build-tools/30.0.2
&amp#27;[35m[ADB]&amp#27;[39m Using 'adb.exe' from 'C:\Users\krishan Bhalla\AppData\Local\Android\Sdk\platform-tools\adb.exe'
[debug] &amp#27;[35m[ADB]&amp#27;[39m Running 'C:\Users\krishan Bhalla\AppData\Local\Android\Sdk\platform-tools\adb.exe -P 5037 start-server'
&amp#27;[35m[AndroidDriver]&amp#27;[39m Retrieving device list
[debug] &amp#27;[35m[ADB]&amp#27;[39m Trying to find a connected android device
[debug] &amp#27;[35m[ADB]&amp#27;[39m Getting connected devices
[debug] &amp#27;[35m[ADB]&amp#27;[39m Connected devices: [{"udid":"emulator-5554","state":"device"}]
&amp#27;[35m[AndroidDriver]&amp#27;[39m Using device: emulator-5554
&amp#27;[35m[ADB]&amp#27;[39m Using 'adb.exe' from 'C:\Users\krishan Bhalla\AppData\Local\Android\Sdk\platform-tools\adb.exe'
[debug] &amp#27;[35m[ADB]&amp#27;[39m Running 'C:\Users\krishan Bhalla\AppData\Local\Android\Sdk\platform-tools\adb.exe -P 5037 start-server'
[debug] &amp#27;[35m[ADB]&amp#27;[39m Setting device id to emulator-5554
[debug] &amp#27;[35m[ADB]&amp#27;[39m Running 'C:\Users\krishan Bhalla\AppData\Local\Android\Sdk\platform-tools\adb.exe -P 5037 -s emulator-5554 shell getprop ro.build.version.sdk'
[debug] &amp#27;[35m[ADB]&amp#27;[39m Current device property 'ro.build.version.sdk': 30
&amp#27;[35m[ADB]&amp#27;[39m Getting device platform version
[debug] &amp#27;[35m[ADB]&amp#27;[39m Running 'C:\Users\krishan Bhalla\AppData\Local\Android\Sdk\platform-tools\adb.exe -P 5037 -s emulator-5554 shell getprop ro.build.version.release'
[debug] &amp#27;[35m[ADB]&amp#27;[39m Current device property 'ro.build.version.release': 11
[debug] &amp#27;[35m[ADB]&amp#27;[39m Device API level: 30
&amp#27;[35m[UiAutomator2]&amp#27;[39m Relaxing hidden api policy
[debug] &amp#27;[35m[ADB]&amp#27;[39m Running 'C:\Users\krishan Bhalla\AppData\Local\Android\Sdk\platform-tools\adb.exe -P 5037 -s emulator-5554 shell 'settings put global hidden_api_policy_pre_p_apps 1;settings put global hidden_api_policy_p_apps 1;settings put global hidden_api_policy 1''
[debug] &amp#27;[35m[AndroidDriver]&amp#27;[39m Parsing package and activity from app manifest
&amp#27;[35m[ADB]&amp#27;[39m Package name: 'com.androidsample.generalstore'
&amp#27;[35m[ADB]&amp#27;[39m Main activity name: 'com.androidsample.generalstore.SplashActivity'
[debug] &amp#27;[35m[AndroidDriver]&amp#27;[39m Parsed package and activity are: com.androidsample.generalstore/com.androidsample.generalstore.SplashActivity
[debug] &amp#27;[35m[ADB]&amp#27;[39m Running 'C:\Users\krishan Bhalla\AppData\Local\Android\Sdk\platform-tools\adb.exe -P 5037 -s emulator-5554 wait-for-device'
[debug] &amp#27;[35m[ADB]&amp#27;[39m Running 'C:\Users\krishan Bhalla\AppData\Local\Android\Sdk\platform-tools\adb.exe -P 5037 -s emulator-5554 shell echo ping'
[debug] &amp#27;[35m[AndroidDriver]&amp#27;[39m Pushing settings apk to device...
[debug] &amp#27;[35m[ADB]&amp#27;[39m Getting install status for io.appium.settings
[debug] &amp#27;[35m[ADB]&amp#27;[39m Running 'C:\Users\krishan Bhalla\AppData\Local\Android\Sdk\platform-tools\adb.exe -P 5037 -s emulator-5554 shell dumpsys package io.appium.settings'
[debug] &amp#27;[35m[ADB]&amp#27;[39m 'io.appium.settings' is installed
[debug] &amp#27;[35m[ADB]&amp#27;[39m Getting package info for 'io.appium.settings'
[debug] &amp#27;[35m[ADB]&amp#27;[39m Running 'C:\Users\krishan Bhalla\AppData\Local\Android\Sdk\platform-tools\adb.exe -P 5037 -s emulator-5554 shell dumpsys package io.appium.settings'
[debug] &amp#27;[35m[ADB]&amp#27;[39m The version name of the installed 'io.appium.settings' is greater or equal to the application version name ('3.3.0' >= '3.3.0')
[debug] &amp#27;[35m[ADB]&amp#27;[39m There is no need to install/upgrade 'C:\Users\krishan Bhalla\AppData\Roaming\npm\node_modules\appium\node_modules\io.appium.settings\apks\settings_apk-debug.apk'
[debug] &amp#27;[35m[ADB]&amp#27;[39m Getting IDs of all 'io.appium.settings' processes
[debug] &amp#27;[35m[ADB]&amp#27;[39m Running 'C:\Users\krishan Bhalla\AppData\Local\Android\Sdk\platform-tools\adb.exe -P 5037 -s emulator-5554 shell 'pgrep --help; echo $?''
[debug] &amp#27;[35m[ADB]&amp#27;[39m Running 'C:\Users\krishan Bhalla\AppData\Local\Android\Sdk\platform-tools\adb.exe -P 5037 -s emulator-5554 shell pgrep -f \(\[\[:blank:\]\]\|\^\)io\.appium\.settings\(\[\[:blank:\]\]\|\$\)'
[debug] &amp#27;[35m[AndroidDriver]&amp#27;[39m io.appium.settings is already running. There is no need to reset its permissions.
[debug] &amp#27;[35m[Logcat]&amp#27;[39m Starting logs capture with command: 'C:\\Users\\krishan Bhalla\\AppData\\Local\\Android\\Sdk\\platform-tools\\adb.exe' -P 5037 -s emulator-5554 logcat -v threadtime
[debug] &amp#27;[35m[UiAutomator2]&amp#27;[39m Forwarding UiAutomator2 Server port 6790 to local port 8200
[debug] &amp#27;[35m[ADB]&amp#27;[39m Forwarding system: 8200 to device: 6790
[debug] &amp#27;[35m[ADB]&amp#27;[39m Running 'C:\Users\krishan Bhalla\AppData\Local\Android\Sdk\platform-tools\adb.exe -P 5037 -s emulator-5554 forward tcp:8200 tcp:6790'
[debug] &amp#27;[35m[ADB]&amp#27;[39m Getting install status for io.appium.uiautomator2.server
[debug] &amp#27;[35m[ADB]&amp#27;[39m Running 'C:\Users\krishan Bhalla\AppData\Local\Android\Sdk\platform-tools\adb.exe -P 5037 -s emulator-5554 shell dumpsys package io.appium.uiautomator2.server'
[debug] &amp#27;[35m[ADB]&amp#27;[39m 'io.appium.uiautomator2.server' is installed
[debug] &amp#27;[35m[ADB]&amp#27;[39m Getting package info for 'io.appium.uiautomator2.server'
[debug] &amp#27;[35m[ADB]&amp#27;[39m Running 'C:\Users\krishan Bhalla\AppData\Local\Android\Sdk\platform-tools\adb.exe -P 5037 -s emulator-5554 shell dumpsys package io.appium.uiautomator2.server'
[debug] &amp#27;[35m[ADB]&amp#27;[39m The version name of the installed 'io.appium.uiautomator2.server' is greater or equal to the application version name ('4.21.1' >= '4.21.1')
[debug] &amp#27;[35m[UiAutomator2]&amp#27;[39m io.appium.uiautomator2.server installation state: sameVersionInstalled
[debug] &amp#27;[35m[ADB]&amp#27;[39m Checking app cert for C:\Users\krishan Bhalla\AppData\Roaming\npm\node_modules\appium\node_modules\appium-uiautomator2-server\apks\appium-uiautomator2-server-v4.21.1.apk
&amp#27;[35m[ADB]&amp#27;[39m Using 'apksigner.jar' from 'C:\Users\krishan Bhalla\AppData\Local\Android\Sdk\build-tools\31.0.0\lib\apksigner.jar'
[debug] &amp#27;[35m[ADB]&amp#27;[39m Starting apksigner: 'C:\\Program Files\\Java\\jdk1.8.0_301\\bin\\java.exe' -Xmx1024M -Xss1m -jar 'C:\\Users\\krishan Bhalla\\AppData\\Local\\Android\\Sdk\\build-tools\\31.0.0\\lib\\apksigner.jar' verify --print-certs 'C:\\Users\\krishan Bhalla\\AppData\\Roaming\\npm\\node_modules\\appium\\node_modules\\appium-uiautomator2-server\\apks\\appium-uiautomator2-server-v4.21.1.apk'
[debug] &amp#27;[35m[ADB]&amp#27;[39m apksigner stdout: Signer #1 certificate DN: EMAILADDRESS=android@android.com, CN=Android, OU=Android, O=Android, L=Mountain View, ST=California, C=US
[debug] &amp#27;[35m[ADB]&amp#27;[39m Signer #1 certificate SHA-256 digest: a40da80a59d170caa950cf15c18c454d47a39b26989d8b640ecd745ba71bf5dc
[debug] &amp#27;[35m[ADB]&amp#27;[39m Signer #1 certificate SHA-1 digest: 61ed377e85d386a8dfee6b864bd85b0bfaa5af81
[debug] &amp#27;[35m[ADB]&amp#27;[39m Signer #1 certificate MD5 digest: e89b158e4bcf988ebd09eb83f5378e87
[debug] &amp#27;[35m[ADB]&amp#27;[39m 
[debug] &amp#27;[35m[ADB]&amp#27;[39m sha256 hash did match for 'appium-uiautomator2-server-v4.21.1.apk'
&amp#27;[35m[ADB]&amp#27;[39m 'C:\Users\krishan Bhalla\AppData\Roaming\npm\node_modules\appium\node_modules\appium-uiautomator2-server\apks\appium-uiautomator2-server-v4.21.1.apk' is signed with the default certificate
[debug] &amp#27;[35m[ADB]&amp#27;[39m Getting install status for io.appium.uiautomator2.server.test
[debug] &amp#27;[35m[ADB]&amp#27;[39m Running 'C:\Users\krishan Bhalla\AppData\Local\Android\Sdk\platform-tools\adb.exe -P 5037 -s emulator-5554 shell dumpsys package io.appium.uiautomator2.server.test'
[debug] &amp#27;[35m[ADB]&amp#27;[39m 'io.appium.uiautomator2.server.test' is installed
[debug] &amp#27;[35m[ADB]&amp#27;[39m Checking app cert for C:\Users\krishan Bhalla\AppData\Roaming\npm\node_modules\appium\node_modules\appium-uiautomator2-server\apks\appium-uiautomator2-server-debug-androidTest.apk
[debug] &amp#27;[35m[ADB]&amp#27;[39m Starting apksigner: 'C:\\Program Files\\Java\\jdk1.8.0_301\\bin\\java.exe' -Xmx1024M -Xss1m -jar 'C:\\Users\\krishan Bhalla\\AppData\\Local\\Android\\Sdk\\build-tools\\31.0.0\\lib\\apksigner.jar' verify --print-certs 'C:\\Users\\krishan Bhalla\\AppData\\Roaming\\npm\\node_modules\\appium\\node_modules\\appium-uiautomator2-server\\apks\\appium-uiautomator2-server-debug-androidTest.apk'
[debug] &amp#27;[35m[ADB]&amp#27;[39m apksigner stdout: Signer #1 certificate DN: EMAILADDRESS=android@android.com, CN=Android, OU=Android, O=Android, L=Mountain View, ST=California, C=US
[debug] &amp#27;[35m[ADB]&amp#27;[39m Signer #1 certificate SHA-256 digest: a40da80a59d170caa950cf15c18c454d47a39b26989d8b640ecd745ba71bf5dc
[debug] &amp#27;[35m[ADB]&amp#27;[39m Signer #1 certificate SHA-1 digest: 61ed377e85d386a8dfee6b864bd85b0bfaa5af81
[debug] &amp#27;[35m[ADB]&amp#27;[39m Signer #1 certificate MD5 digest: e89b158e4bcf988ebd09eb83f5378e87
[debug] &amp#27;[35m[ADB]&amp#27;[39m 
[debug] &amp#27;[35m[ADB]&amp#27;[39m sha256 hash did match for 'appium-uiautomator2-server-debug-androidTest.apk'
&amp#27;[35m[ADB]&amp#27;[39m 'C:\Users\krishan Bhalla\AppData\Roaming\npm\node_modules\appium\node_modules\appium-uiautomator2-server\apks\appium-uiautomator2-server-debug-androidTest.apk' is signed with the default certificate
&amp#27;[35m[UiAutomator2]&amp#27;[39m Server packages are not going to be (re)installed
[debug] &amp#27;[35m[UiAutomator2]&amp#27;[39m Waiting up to 30000ms for services to be available
[debug] &amp#27;[35m[ADB]&amp#27;[39m Running 'C:\Users\krishan Bhalla\AppData\Local\Android\Sdk\platform-tools\adb.exe -P 5037 -s emulator-5554 shell pm list instrumentation'
[debug] &amp#27;[35m[UiAutomator2]&amp#27;[39m Instrumentation target 'io.appium.uiautomator2.server.test/androidx.test.runner.AndroidJUnitRunner' is available
&amp#27;[35m[ADB]&amp#27;[39m Adding packages ["io.appium.settings","io.appium.uiautomator2.server","io.appium.uiautomator2.server.test"] to Doze whitelist
[debug] &amp#27;[35m[ADB]&amp#27;[39m Got the following command chunks to execute: [["dumpsys","deviceidle","whitelist","+io.appium.settings",";","dumpsys","deviceidle","whitelist","+io.appium.uiautomator2.server",";","dumpsys","deviceidle","whitelist","+io.appium.uiautomator2.server.test",";"]]
[debug] &amp#27;[35m[ADB]&amp#27;[39m Running 'C:\Users\krishan Bhalla\AppData\Local\Android\Sdk\platform-tools\adb.exe -P 5037 -s emulator-5554 shell dumpsys deviceidle whitelist +io.appium.settings ; dumpsys deviceidle whitelist +io.appium.uiautomator2.server ; dumpsys deviceidle whitelist +io.appium.uiautomator2.server.test ;'
[debug] &amp#27;[35m[ADB]&amp#27;[39m Checking app cert for C:\Users\krishan Bhalla\eclipse-workspace\Plutus_Payzapp\src\main\java\General-Store.apk
[debug] &amp#27;[35m[ADB]&amp#27;[39m Starting apksigner: 'C:\\Program Files\\Java\\jdk1.8.0_301\\bin\\java.exe' -Xmx1024M -Xss1m -jar 'C:\\Users\\krishan Bhalla\\AppData\\Local\\Android\\Sdk\\build-tools\\31.0.0\\lib\\apksigner.jar' verify --print-certs 'C:\\Users\\krishan Bhalla\\eclipse-workspace\\Plutus_Payzapp\\src\\main\\java\\General-Store.apk'
[debug] &amp#27;[35m[ADB]&amp#27;[39m apksigner stdout: Signer #1 certificate DN: EMAILADDRESS=android@android.com, CN=Android, OU=Android, O=Android, L=Mountain View, ST=California, C=US
[debug] &amp#27;[35m[ADB]&amp#27;[39m Signer #1 certificate SHA-256 digest: a40da80a59d170caa950cf15c18c454d47a39b26989d8b640ecd745ba71bf5dc
[debug] &amp#27;[35m[ADB]&amp#27;[39m Signer #1 certificate SHA-1 digest: 61ed377e85d386a8dfee6b864bd85b0bfaa5af81
[debug] &amp#27;[35m[ADB]&amp#27;[39m Signer #1 certificate MD5 digest: e89b158e4bcf988ebd09eb83f5378e87
[debug] &amp#27;[35m[ADB]&amp#27;[39m 
[debug] &amp#27;[35m[ADB]&amp#27;[39m sha256 hash did match for 'General-Store.apk'
&amp#27;[35m[ADB]&amp#27;[39m 'C:\Users\krishan Bhalla\eclipse-workspace\Plutus_Payzapp\src\main\java\General-Store.apk' is signed with the default certificate
[debug] &amp#27;[35m[ADB]&amp#27;[39m Getting install status for com.androidsample.generalstore
[debug] &amp#27;[35m[ADB]&amp#27;[39m Running 'C:\Users\krishan Bhalla\AppData\Local\Android\Sdk\platform-tools\adb.exe -P 5037 -s emulator-5554 shell dumpsys package com.androidsample.generalstore'
[debug] &amp#27;[35m[ADB]&amp#27;[39m 'com.androidsample.generalstore' is installed
[debug] &amp#27;[35m[ADB]&amp#27;[39m Getting package info for 'com.androidsample.generalstore'
[debug] &amp#27;[35m[ADB]&amp#27;[39m Running 'C:\Users\krishan Bhalla\AppData\Local\Android\Sdk\platform-tools\adb.exe -P 5037 -s emulator-5554 shell dumpsys package com.androidsample.generalstore'
[debug] &amp#27;[35m[ADB]&amp#27;[39m The version name of the installed 'com.androidsample.generalstore' is greater or equal to the application version name ('1.0.0' >= '1.0.0')
[debug] &amp#27;[35m[ADB]&amp#27;[39m There is no need to install/upgrade 'C:\Users\krishan Bhalla\eclipse-workspace\Plutus_Payzapp\src\main\java\General-Store.apk'
&amp#27;[35m[AndroidDriver]&amp#27;[39m Performing fast reset on 'com.androidsample.generalstore'
[debug] &amp#27;[35m[ADB]&amp#27;[39m Getting install status for com.androidsample.generalstore
[debug] &amp#27;[35m[ADB]&amp#27;[39m Running 'C:\Users\krishan Bhalla\AppData\Local\Android\Sdk\platform-tools\adb.exe -P 5037 -s emulator-5554 shell dumpsys package com.androidsample.generalstore'
[debug] &amp#27;[35m[ADB]&amp#27;[39m 'com.androidsample.generalstore' is installed
[debug] &amp#27;[35m[ADB]&amp#27;[39m Running 'C:\Users\krishan Bhalla\AppData\Local\Android\Sdk\platform-tools\adb.exe -P 5037 -s emulator-5554 shell am force-stop com.androidsample.generalstore'
[debug] &amp#27;[35m[ADB]&amp#27;[39m Running 'C:\Users\krishan Bhalla\AppData\Local\Android\Sdk\platform-tools\adb.exe -P 5037 -s emulator-5554 shell pm clear com.androidsample.generalstore'
[debug] &amp#27;[35m[AndroidDriver]&amp#27;[39m Performed fast reset on the installed 'com.androidsample.generalstore' application (stop and clear)
[debug] &amp#27;[35m[UiAutomator2]&amp#27;[39m Performing shallow cleanup of automation leftovers
[debug] &amp#27;[35m[UiAutomator2]&amp#27;[39m The following obsolete sessions are still running: [null]
[debug] &amp#27;[35m[UiAutomator2]&amp#27;[39m Cleaning up the obsolete sessions
[debug] &amp#27;[35m[ADB]&amp#27;[39m Running 'C:\Users\krishan Bhalla\AppData\Local\Android\Sdk\platform-tools\adb.exe -P 5037 -s emulator-5554 shell am force-stop io.appium.uiautomator2.server.test'
&amp#27;[35m[UiAutomator2]&amp#27;[39m Starting UIAutomator2 server 4.21.1
&amp#27;[35m[UiAutomator2]&amp#27;[39m Using UIAutomator2 server from 'C:\Users\krishan Bhalla\AppData\Roaming\npm\node_modules\appium\node_modules\appium-uiautomator2-server\apks\appium-uiautomator2-server-v4.21.1.apk' and test from 'C:\Users\krishan Bhalla\AppData\Roaming\npm\node_modules\appium\node_modules\appium-uiautomator2-server\apks\appium-uiautomator2-server-debug-androidTest.apk'
&amp#27;[35m[UiAutomator2]&amp#27;[39m Waiting up to 30000ms for UiAutomator2 to be online...
[debug] &amp#27;[35m[ADB]&amp#27;[39m Creating ADB subprocess with args: ["-P",5037,"-s","emulator-5554","shell","am","instrument","-w","-e","disableAnalytics",true,"io.appium.uiautomator2.server.test/androidx.test.runner.AndroidJUnitRunner"]
[debug] &amp#27;[35m[WD Proxy]&amp#27;[39m Matched '/status' to command name 'getStatus'
[debug] &amp#27;[35m[WD Proxy]&amp#27;[39m Proxying [GET /status] to [GET http://127.0.0.1:8200/wd/hub/status] with no body
&amp#27;[35m[WD Proxy]&amp#27;[39m socket hang up
[debug] &amp#27;[35m[WD Proxy]&amp#27;[39m Matched '/status' to command name 'getStatus'
[debug] &amp#27;[35m[WD Proxy]&amp#27;[39m Proxying [GET /status] to [GET http://127.0.0.1:8200/wd/hub/status] with no body
&amp#27;[35m[WD Proxy]&amp#27;[39m socket hang up
[debug] &amp#27;[35m[Instrumentation]&amp#27;[39m io.appium.uiautomator2.server.test.AppiumUiAutomator2Server:
[debug] &amp#27;[35m[WD Proxy]&amp#27;[39m Matched '/status' to command name 'getStatus'
[debug] &amp#27;[35m[WD Proxy]&amp#27;[39m Proxying [GET /status] to [GET http://127.0.0.1:8200/wd/hub/status] with no body
&amp#27;[35m[WD Proxy]&amp#27;[39m socket hang up
[debug] &amp#27;[35m[WD Proxy]&amp#27;[39m Matched '/status' to command name 'getStatus'
[debug] &amp#27;[35m[WD Proxy]&amp#27;[39m Proxying [GET /status] to [GET http://127.0.0.1:8200/wd/hub/status] with no body
&amp#27;[35m[WD Proxy]&amp#27;[39m socket hang up
[debug] &amp#27;[35m[WD Proxy]&amp#27;[39m Matched '/status' to command name 'getStatus'
[debug] &amp#27;[35m[WD Proxy]&amp#27;[39m Proxying [GET /status] to [GET http://127.0.0.1:8200/wd/hub/status] with no body
[debug] &amp#27;[35m[WD Proxy]&amp#27;[39m Got response with status 200: {"sessionId":"None","value":{"message":"UiAutomator2 Server is ready to accept commands","ready":true}}
[debug] &amp#27;[35m[UiAutomator2]&amp#27;[39m The initialization of the instrumentation process took 4607ms
[debug] &amp#27;[35m[WD Proxy]&amp#27;[39m Matched '/session' to command name 'createSession'
[debug] &amp#27;[35m[WD Proxy]&amp#27;[39m Proxying [POST /session] to [POST http://127.0.0.1:8200/wd/hub/session] with body: {"capabilities":{"firstMatch":[{"platform":"LINUX","webStorageEnabled":false,"takesScreenshot":true,"javascriptEnabled":true,"databaseEnabled":false,"networkConnectionEnabled":true,"locationContextEnabled":false,"warnings":{},"desired":{"platformName":"android","app":"C:\\Users\\krishan Bhalla\\eclipse-workspace\\Plutus_Payzapp\\src\\main\\java\\General-Store.apk","automationName":"uiautomator2","newCommandTimeout":14},"platformName":"android","app":"C:\\Users\\krishan Bhalla\\eclipse-workspace\\Plutus_Payzapp\\src\\main\\java\\General-Store.apk","automationName":"uiautomator2","newCommandTimeout":14,"deviceName":"emulator-5554","deviceUDID":"emulator-5554","appPackage":"com.androidsample.generalstore"}],"alwaysMatch":{}}}
[debug] &amp#27;[35m[WD Proxy]&amp#27;[39m Got response with status 200: {"sessionId":"ffa6dba5-51eb-4889-a5df-cacdf4651326","value":{"capabilities":{"firstMatch":[{"platform":"LINUX","webStorageEnabled":false,"takesScreenshot":true,"javascriptEnabled":true,"databaseEnabled":false,"networkConnectionEnabled":true,"locationContextEnabled":false,"warnings":{},"desired":{"platformName":"android","app":"C:\\Users\\krishan Bhalla\\eclipse-workspace\\Plutus_Payzapp\\src\\main\\java\\General-Store.apk","automationName":"uiautomator2","newCommandTimeout":14},"platformName":"android","app":"C:\\Users\\krishan Bhalla\\eclipse-workspace\\Plutus_Payzapp\\src\\main\\java\\General-Store.apk","automationName":"uiautomator2","newCommandTimeout":14,"deviceName":"emulator-5554","deviceUDID":"emulator-5554","appPackage":"com.androidsample.generalstore"}],"alwaysMatch":{}},"sessionId":"ffa6dba5-51eb-4889-a5df-cacdf4651326"}}
&amp#27;[35m[WD Proxy]&amp#27;[39m Determined the downstream protocol as 'W3C'
[debug] &amp#27;[35m[WD Proxy]&amp#27;[39m Proxying [GET /appium/device/info] to [GET http://127.0.0.1:8200/wd/hub/session/ffa6dba5-51eb-4889-a5df-cacdf4651326/appium/device/info] with no body
[debug] &amp#27;[35m[WD Proxy]&amp#27;[39m Got response with status 200: {"sessionId":"ffa6dba5-51eb-4889-a5df-cacdf4651326","value":{"androidId":"4d07ba2a8c6ec52e","apiVersion":"30","bluetooth":{"state":"ON"},"brand":"google","carrierName":"Android","displayDensity":420,"locale":"en_US","manufacturer":"Google","model":"sdk_gphone_x86","networks":[{"capabilities":{"SSID":null,"linkDownBandwidthKbps":141000,"linkUpstreamBandwidthKbps":141000,"networkCapabilities":"NET_CAPABILITY_NOT_METERED,NET_CAPABILITY_INTERNET,NET_CAPABILITY_NOT_RESTRICTED,NET_CAPABILITY_TRUSTED,NET_CAPABILITY_NOT_VPN,NET_CAPABILITY_VALIDATED,NET_CAPABILITY_NOT_ROAMING,NET_CAPABILITY_FOREGROUND,NET_CAPABILITY_NOT_CONGESTED,NET_CAPABILITY_NOT_SUSPENDED","signalStrength":-30,"transportTypes":"TRANSPORT_WIFI"},"detailedState":"CONNECTED","extraInfo":"","isAvailable":true,"isConnected":true,"isFailover":false,"isRoaming":false,"state":"CONNECTED","subtype":0,"subtypeName":"","type":1,"typeName":"WIFI"},{"capabilities":{"SSID":null,"linkDownBandwidthKbps":30000,"linkUpstreamBandwidthKbps":15000,"networkCapabiliti...
[debug] &amp#27;[35m[ADB]&amp#27;[39m Running 'C:\Users\krishan Bhalla\AppData\Local\Android\Sdk\platform-tools\adb.exe -P 5037 -s emulator-5554 shell dumpsys window'
&amp#27;[35m[AndroidDriver]&amp#27;[39m Screen already unlocked, doing nothing
&amp#27;[35m[UiAutomator2]&amp#27;[39m Starting 'com.androidsample.generalstore/com.androidsample.generalstore.SplashActivity and waiting for 'com.androidsample.generalstore/com.androidsample.generalstore.SplashActivity'
[debug] &amp#27;[35m[ADB]&amp#27;[39m Running 'C:\Users\krishan Bhalla\AppData\Local\Android\Sdk\platform-tools\adb.exe -P 5037 -s emulator-5554 shell am start -W -n com.androidsample.generalstore/com.androidsample.generalstore.SplashActivity -S -a android.intent.action.MAIN -c android.intent.category.LAUNCHER -f 0x10200000'
[debug] &amp#27;[35m[ADB]&amp#27;[39m Waiting up to 20000ms for activity matching pkg: 'com.androidsample.generalstore' and activity: 'com.androidsample.generalstore.SplashActivity' to be focused
[debug] &amp#27;[35m[ADB]&amp#27;[39m Possible activities, to be checked: 'com.androidsample.generalstore.SplashActivity', 'com.androidsample.generalstore.com.androidsample.generalstore.SplashActivity'
[debug] &amp#27;[35m[ADB]&amp#27;[39m Getting focused package and activity
[debug] &amp#27;[35m[ADB]&amp#27;[39m Running 'C:\Users\krishan Bhalla\AppData\Local\Android\Sdk\platform-tools\adb.exe -P 5037 -s emulator-5554 shell dumpsys window displays'
[debug] &amp#27;[35m[ADB]&amp#27;[39m Found package: 'com.androidsample.generalstore' and fully qualified activity name : 'com.androidsample.generalstore.SplashActivity'
[debug] &amp#27;[35m[WD Proxy]&amp#27;[39m Proxying [GET /appium/device/pixel_ratio] to [GET http://127.0.0.1:8200/wd/hub/session/ffa6dba5-51eb-4889-a5df-cacdf4651326/appium/device/pixel_ratio] with no body
[debug] &amp#27;[35m[WD Proxy]&amp#27;[39m Got response with status 200: {"sessionId":"ffa6dba5-51eb-4889-a5df-cacdf4651326","value":2.625}
[debug] &amp#27;[35m[WD Proxy]&amp#27;[39m Matched '/appium/device/system_bars' to command name 'getSystemBars'
[debug] &amp#27;[35m[WD Proxy]&amp#27;[39m Proxying [GET /appium/device/system_bars] to [GET http://127.0.0.1:8200/wd/hub/session/ffa6dba5-51eb-4889-a5df-cacdf4651326/appium/device/system_bars] with no body
[debug] &amp#27;[35m[WD Proxy]&amp#27;[39m Got response with status 200: {"sessionId":"ffa6dba5-51eb-4889-a5df-cacdf4651326","value":{"statusBar":63}}
[debug] &amp#27;[35m[WD Proxy]&amp#27;[39m Matched '/window/current/size' to command name 'getWindowSize'
[debug] &amp#27;[35m[WD Proxy]&amp#27;[39m Proxying [GET /window/current/size] to [GET http://127.0.0.1:8200/wd/hub/session/ffa6dba5-51eb-4889-a5df-cacdf4651326/window/current/size] with no body
[debug] &amp#27;[35m[WD Proxy]&amp#27;[39m Got response with status 200: {"sessionId":"ffa6dba5-51eb-4889-a5df-cacdf4651326","value":{"height":1794,"width":1080}}
&amp#27;[35m[Appium]&amp#27;[39m New AndroidUiautomator2Driver session created successfully, session a8a4d718-1960-47b5-be7d-05b580577608 added to master session list
[debug] &amp#27;[35m[BaseDriver]&amp#27;[39m Event 'newSessionStarted' logged at 1629636433558 (18:17:13 GMT+0530 (India Standard Time))
[debug] &amp#27;[35m[W3C (a8a4d718)]&amp#27;[39m Cached the protocol value 'W3C' for the new session a8a4d718-1960-47b5-be7d-05b580577608
[debug] &amp#27;[35m[W3C (a8a4d718)]&amp#27;[39m Responding to client with driver.createSession() result: {"capabilities":{"platform":"LINUX","webStorageEnabled":false,"takesScreenshot":true,"javascriptEnabled":true,"databaseEnabled":false,"networkConnectionEnabled":true,"locationContextEnabled":false,"warnings":{},"desired":{"platformName":"android","app":"C:\\Users\\krishan Bhalla\\eclipse-workspace\\Plutus_Payzapp\\src\\main\\java\\General-Store.apk","automationName":"uiautomator2","newCommandTimeout":14},"platformName":"android","app":"C:\\Users\\krishan Bhalla\\eclipse-workspace\\Plutus_Payzapp\\src\\main\\java\\General-Store.apk","automationName":"uiautomator2","newCommandTimeout":14,"deviceName":"emulator-5554","deviceUDID":"emulator-5554","appPackage":"com.androidsample.generalstore","deviceApiLevel":30,"platformVersion":"11","deviceScreenSize":"1080x1920","deviceScreenDensity":420,"deviceModel":"sdk_gphone_x86","deviceManufacturer":"Google","pixelRatio":2.625,"statBarHeight":63,"viewportRect":{"left":0,"top":63,"width":1080,"height":1731}}}
&amp#27;[35m[HTTP]&amp#27;[39m &amp#27;[37m<-- POST /wd/hub/session &amp#27;[39m&amp#27;[32m200&amp#27;[39m &amp#27;[90m16803 ms - 1020&amp#27;[39m
&amp#27;[35m[HTTP]&amp#27;[39m &amp#27;[90m&amp#27;[39m
&amp#27;[35m[HTTP]&amp#27;[39m &amp#27;[37m-->&amp#27;[39m &amp#27;[37mPOST&amp#27;[39m &amp#27;[37m/wd/hub/session/a8a4d718-1960-47b5-be7d-05b580577608/timeouts&amp#27;[39m
&amp#27;[35m[HTTP]&amp#27;[39m &amp#27;[90m{"implicit":10000}&amp#27;[39m
[debug] &amp#27;[35m[W3C (a8a4d718)]&amp#27;[39m Calling AppiumDriver.timeouts() with args: [null,null,null,null,10000,"a8a4d718-1960-47b5-be7d-05b580577608"]
[debug] &amp#27;[35m[BaseDriver]&amp#27;[39m W3C timeout argument: {"implicit":10000}}
[debug] &amp#27;[35m[BaseDriver]&amp#27;[39m Set implicit wait to 10000ms
[debug] &amp#27;[35m[W3C (a8a4d718)]&amp#27;[39m Responding to client with driver.timeouts() result: null
&amp#27;[35m[HTTP]&amp#27;[39m &amp#27;[37m<-- POST /wd/hub/session/a8a4d718-1960-47b5-be7d-05b580577608/timeouts &amp#27;[39m&amp#27;[32m200&amp#27;[39m &amp#27;[90m9 ms - 14&amp#27;[39m
&amp#27;[35m[HTTP]&amp#27;[39m &amp#27;[90m&amp#27;[39m
&amp#27;[35m[HTTP]&amp#27;[39m &amp#27;[37m-->&amp#27;[39m &amp#27;[37mPOST&amp#27;[39m &amp#27;[37m/wd/hub/session/a8a4d718-1960-47b5-be7d-05b580577608/element&amp#27;[39m
&amp#27;[35m[HTTP]&amp#27;[39m &amp#27;[90m{"using":"xpath","value":"//*[@text='Female']"}&amp#27;[39m
[debug] &amp#27;[35m[W3C (a8a4d718)]&amp#27;[39m Calling AppiumDriver.findElement() with args: ["xpath","//*[@text='Female']","a8a4d718-1960-47b5-be7d-05b580577608"]
[debug] &amp#27;[35m[BaseDriver]&amp#27;[39m Valid locator strategies for this request: xpath, id, class name, accessibility id, css selector, -android uiautomator
[debug] &amp#27;[35m[BaseDriver]&amp#27;[39m Waiting up to 10000 ms for condition
[debug] &amp#27;[35m[WD Proxy]&amp#27;[39m Matched '/element' to command name 'findElement'
[debug] &amp#27;[35m[WD Proxy]&amp#27;[39m Proxying [POST /element] to [POST http://127.0.0.1:8200/wd/hub/session/ffa6dba5-51eb-4889-a5df-cacdf4651326/element] with body: {"strategy":"xpath","selector":"//*[@text='Female']","context":"","multiple":false}
&amp#27;[35m[WD Proxy]&amp#27;[39m Got response with status 404: {"sessionId":"ffa6dba5-51eb-4889-a5df-cacdf4651326","value":{"error":"no such element","message":"An element could not be located on the page using the given search parameters","stacktrace":"io.appium.uiautomator2.common.exceptions.ElementNotFoundException: An element could not be located on the page using the given search parameters\n\tat io.appium.uiautomator2.handler.FindElement.findElement(FindElement.java:89)\n\tat io.appium.uiautomator2.handler.FindElement.safeHandle(FindElement.java:66)\n\tat io.appium.uiautomator2.handler.request.SafeRequestHandler.handle(SafeRequestHandler.java:41)\n\tat io.appium.uiautomator2.server.AppiumServlet.handleRequest(AppiumServlet.java:262)\n\tat io.appium.uiautomator2.server.AppiumServlet.handleHttpRequest(AppiumServlet.java:256)\n\tat io.appium.uiautomator2.http.ServerHandler.channelRead(ServerHandler.java:68)\n\tat io.netty.channel.AbstractChannelHandlerContext.invokeChannelRead(AbstractChannelHandlerContext.java:366)\n\tat io.netty.channel.AbstractChannelHandlerCont...
[debug] &amp#27;[35m[W3C]&amp#27;[39m Matched W3C error code 'no such element' to NoSuchElementError
[debug] &amp#27;[35m[BaseDriver]&amp#27;[39m Waited for 516 ms so far
[debug] &amp#27;[35m[WD Proxy]&amp#27;[39m Matched '/element' to command name 'findElement'
[debug] &amp#27;[35m[WD Proxy]&amp#27;[39m Proxying [POST /element] to [POST http://127.0.0.1:8200/wd/hub/session/ffa6dba5-51eb-4889-a5df-cacdf4651326/element] with body: {"strategy":"xpath","selector":"//*[@text='Female']","context":"","multiple":false}
&amp#27;[35m[WD Proxy]&amp#27;[39m Got response with status 404: {"sessionId":"ffa6dba5-51eb-4889-a5df-cacdf4651326","value":{"error":"no such element","message":"An element could not be located on the page using the given search parameters","stacktrace":"io.appium.uiautomator2.common.exceptions.ElementNotFoundException: An element could not be located on the page using the given search parameters\n\tat io.appium.uiautomator2.handler.FindElement.findElement(FindElement.java:89)\n\tat io.appium.uiautomator2.handler.FindElement.safeHandle(FindElement.java:66)\n\tat io.appium.uiautomator2.handler.request.SafeRequestHandler.handle(SafeRequestHandler.java:41)\n\tat io.appium.uiautomator2.server.AppiumServlet.handleRequest(AppiumServlet.java:262)\n\tat io.appium.uiautomator2.server.AppiumServlet.handleHttpRequest(AppiumServlet.java:256)\n\tat io.appium.uiautomator2.http.ServerHandler.channelRead(ServerHandler.java:68)\n\tat io.netty.channel.AbstractChannelHandlerContext.invokeChannelRead(AbstractChannelHandlerContext.java:366)\n\tat io.netty.channel.AbstractChannelHandlerCont...
[debug] &amp#27;[35m[W3C]&amp#27;[39m Matched W3C error code 'no such element' to NoSuchElementError
[debug] &amp#27;[35m[BaseDriver]&amp#27;[39m Waited for 1090 ms so far
[debug] &amp#27;[35m[WD Proxy]&amp#27;[39m Matched '/element' to command name 'findElement'
[debug] &amp#27;[35m[WD Proxy]&amp#27;[39m Proxying [POST /element] to [POST http://127.0.0.1:8200/wd/hub/session/ffa6dba5-51eb-4889-a5df-cacdf4651326/element] with body: {"strategy":"xpath","selector":"//*[@text='Female']","context":"","multiple":false}
&amp#27;[35m[WD Proxy]&amp#27;[39m Got response with status 404: {"sessionId":"ffa6dba5-51eb-4889-a5df-cacdf4651326","value":{"error":"no such element","message":"An element could not be located on the page using the given search parameters","stacktrace":"io.appium.uiautomator2.common.exceptions.ElementNotFoundException: An element could not be located on the page using the given search parameters\n\tat io.appium.uiautomator2.handler.FindElement.findElement(FindElement.java:89)\n\tat io.appium.uiautomator2.handler.FindElement.safeHandle(FindElement.java:66)\n\tat io.appium.uiautomator2.handler.request.SafeRequestHandler.handle(SafeRequestHandler.java:41)\n\tat io.appium.uiautomator2.server.AppiumServlet.handleRequest(AppiumServlet.java:262)\n\tat io.appium.uiautomator2.server.AppiumServlet.handleHttpRequest(AppiumServlet.java:256)\n\tat io.appium.uiautomator2.http.ServerHandler.channelRead(ServerHandler.java:68)\n\tat io.netty.channel.AbstractChannelHandlerContext.invokeChannelRead(AbstractChannelHandlerContext.java:366)\n\tat io.netty.channel.AbstractChannelHandlerCont...
[debug] &amp#27;[35m[W3C]&amp#27;[39m Matched W3C error code 'no such element' to NoSuchElementError
[debug] &amp#27;[35m[BaseDriver]&amp#27;[39m Waited for 1682 ms so far
[debug] &amp#27;[35m[WD Proxy]&amp#27;[39m Matched '/element' to command name 'findElement'
[debug] &amp#27;[35m[WD Proxy]&amp#27;[39m Proxying [POST /element] to [POST http://127.0.0.1:8200/wd/hub/session/ffa6dba5-51eb-4889-a5df-cacdf4651326/element] with body: {"strategy":"xpath","selector":"//*[@text='Female']","context":"","multiple":false}
&amp#27;[35m[WD Proxy]&amp#27;[39m Got response with status 404: {"sessionId":"ffa6dba5-51eb-4889-a5df-cacdf4651326","value":{"error":"no such element","message":"An element could not be located on the page using the given search parameters","stacktrace":"io.appium.uiautomator2.common.exceptions.ElementNotFoundException: An element could not be located on the page using the given search parameters\n\tat io.appium.uiautomator2.handler.FindElement.findElement(FindElement.java:89)\n\tat io.appium.uiautomator2.handler.FindElement.safeHandle(FindElement.java:66)\n\tat io.appium.uiautomator2.handler.request.SafeRequestHandler.handle(SafeRequestHandler.java:41)\n\tat io.appium.uiautomator2.server.AppiumServlet.handleRequest(AppiumServlet.java:262)\n\tat io.appium.uiautomator2.server.AppiumServlet.handleHttpRequest(AppiumServlet.java:256)\n\tat io.appium.uiautomator2.http.ServerHandler.channelRead(ServerHandler.java:68)\n\tat io.netty.channel.AbstractChannelHandlerContext.invokeChannelRead(AbstractChannelHandlerContext.java:366)\n\tat io.netty.channel.AbstractChannelHandlerCont...
[debug] &amp#27;[35m[W3C]&amp#27;[39m Matched W3C error code 'no such element' to NoSuchElementError
[debug] &amp#27;[35m[BaseDriver]&amp#27;[39m Waited for 2597 ms so far
[debug] &amp#27;[35m[WD Proxy]&amp#27;[39m Matched '/element' to command name 'findElement'
[debug] &amp#27;[35m[WD Proxy]&amp#27;[39m Proxying [POST /element] to [POST http://127.0.0.1:8200/wd/hub/session/ffa6dba5-51eb-4889-a5df-cacdf4651326/element] with body: {"strategy":"xpath","selector":"//*[@text='Female']","context":"","multiple":false}
[debug] &amp#27;[35m[WD Proxy]&amp#27;[39m Got response with status 200: {"sessionId":"ffa6dba5-51eb-4889-a5df-cacdf4651326","value":{"ELEMENT":"3eb94e61-b094-494f-a103-982ce8e3792f","element-6066-11e4-a52e-4f735466cecf":"3eb94e61-b094-494f-a103-982ce8e3792f"}}
[debug] &amp#27;[35m[W3C (a8a4d718)]&amp#27;[39m Responding to client with driver.findElement() result: {"element-6066-11e4-a52e-4f735466cecf":"3eb94e61-b094-494f-a103-982ce8e3792f","ELEMENT":"3eb94e61-b094-494f-a103-982ce8e3792f"}
&amp#27;[35m[HTTP]&amp#27;[39m &amp#27;[37m<-- POST /wd/hub/session/a8a4d718-1960-47b5-be7d-05b580577608/element &amp#27;[39m&amp#27;[32m200&amp#27;[39m &amp#27;[90m4048 ms - 137&amp#27;[39m
&amp#27;[35m[HTTP]&amp#27;[39m &amp#27;[90m&amp#27;[39m
&amp#27;[35m[HTTP]&amp#27;[39m &amp#27;[37m-->&amp#27;[39m &amp#27;[37mPOST&amp#27;[39m &amp#27;[37m/wd/hub/session/a8a4d718-1960-47b5-be7d-05b580577608/element/3eb94e61-b094-494f-a103-982ce8e3792f/click&amp#27;[39m
&amp#27;[35m[HTTP]&amp#27;[39m &amp#27;[90m{"id":"3eb94e61-b094-494f-a103-982ce8e3792f"}&amp#27;[39m
[debug] &amp#27;[35m[W3C (a8a4d718)]&amp#27;[39m Calling AppiumDriver.click() with args: ["3eb94e61-b094-494f-a103-982ce8e3792f","a8a4d718-1960-47b5-be7d-05b580577608"]
[debug] &amp#27;[35m[WD Proxy]&amp#27;[39m Matched '/element/3eb94e61-b094-494f-a103-982ce8e3792f/click' to command name 'click'
[debug] &amp#27;[35m[WD Proxy]&amp#27;[39m Proxying [POST /element/3eb94e61-b094-494f-a103-982ce8e3792f/click] to [POST http://127.0.0.1:8200/wd/hub/session/ffa6dba5-51eb-4889-a5df-cacdf4651326/element/3eb94e61-b094-494f-a103-982ce8e3792f/click] with body: {"element":"3eb94e61-b094-494f-a103-982ce8e3792f"}
[debug] &amp#27;[35m[WD Proxy]&amp#27;[39m Got response with status 200: {"sessionId":"ffa6dba5-51eb-4889-a5df-cacdf4651326","value":null}
[debug] &amp#27;[35m[W3C (a8a4d718)]&amp#27;[39m Responding to client with driver.click() result: null
&amp#27;[35m[HTTP]&amp#27;[39m &amp#27;[37m<-- POST /wd/hub/session/a8a4d718-1960-47b5-be7d-05b580577608/element/3eb94e61-b094-494f-a103-982ce8e3792f/click &amp#27;[39m&amp#27;[32m200&amp#27;[39m &amp#27;[90m137 ms - 14&amp#27;[39m
&amp#27;[35m[HTTP]&amp#27;[39m &amp#27;[90m&amp#27;[39m
&amp#27;[35m[HTTP]&amp#27;[39m &amp#27;[37m-->&amp#27;[39m &amp#27;[37mPOST&amp#27;[39m &amp#27;[37m/wd/hub/session/a8a4d718-1960-47b5-be7d-05b580577608/element&amp#27;[39m
&amp#27;[35m[HTTP]&amp#27;[39m &amp#27;[90m{"using":"-android uiautomator","value":"new UiScrollable(new UiSelector().scrollable(true).instance(0)).scrollIntoView(new UiSelector().textMatches(\"Argentina\").instance(0))"}&amp#27;[39m
[debug] &amp#27;[35m[W3C (a8a4d718)]&amp#27;[39m Calling AppiumDriver.findElement() with args: ["-android uiautomator","new UiScrollable(new UiSelector().scrollable(true).instance(0)).scrollIntoView(new UiSelector().textMatches(\"Argentina\").instance(0))","a8a4d718-1960-47b5-be7d-05b580577608"]
[debug] &amp#27;[35m[BaseDriver]&amp#27;[39m Valid locator strategies for this request: xpath, id, class name, accessibility id, css selector, -android uiautomator
[debug] &amp#27;[35m[BaseDriver]&amp#27;[39m Waiting up to 10000 ms for condition
[debug] &amp#27;[35m[WD Proxy]&amp#27;[39m Matched '/element' to command name 'findElement'
[debug] &amp#27;[35m[WD Proxy]&amp#27;[39m Proxying [POST /element] to [POST http://127.0.0.1:8200/wd/hub/session/ffa6dba5-51eb-4889-a5df-cacdf4651326/element] with body: {"strategy":"-android uiautomator","selector":"new UiScrollable(new UiSelector().scrollable(true).instance(0)).scrollIntoView(new UiSelector().textMatches(\"Argentina\").instance(0))","context":"","multiple":false}
[debug] &amp#27;[35m[WD Proxy]&amp#27;[39m Got response with status 200: {"sessionId":"ffa6dba5-51eb-4889-a5df-cacdf4651326","value":{"ELEMENT":"8b31f8af-0bc5-40b0-9550-fd57ed9967c7","element-6066-11e4-a52e-4f735466cecf":"8b31f8af-0bc5-40b0-9550-fd57ed9967c7"}}
[debug] &amp#27;[35m[W3C (a8a4d718)]&amp#27;[39m Responding to client with driver.findElement() result: {"element-6066-11e4-a52e-4f735466cecf":"8b31f8af-0bc5-40b0-9550-fd57ed9967c7","ELEMENT":"8b31f8af-0bc5-40b0-9550-fd57ed9967c7"}
&amp#27;[35m[HTTP]&amp#27;[39m &amp#27;[37m<-- POST /wd/hub/session/a8a4d718-1960-47b5-be7d-05b580577608/element &amp#27;[39m&amp#27;[32m200&amp#27;[39m &amp#27;[90m6698 ms - 137&amp#27;[39m
&amp#27;[35m[HTTP]&amp#27;[39m &amp#27;[90m&amp#27;[39m
&amp#27;[35m[HTTP]&amp#27;[39m &amp#27;[37m-->&amp#27;[39m &amp#27;[37mPOST&amp#27;[39m &amp#27;[37m/wd/hub/session/a8a4d718-1960-47b5-be7d-05b580577608/element/8b31f8af-0bc5-40b0-9550-fd57ed9967c7/click&amp#27;[39m
&amp#27;[35m[HTTP]&amp#27;[39m &amp#27;[90m{"id":"8b31f8af-0bc5-40b0-9550-fd57ed9967c7"}&amp#27;[39m
[debug] &amp#27;[35m[W3C (a8a4d718)]&amp#27;[39m Calling AppiumDriver.click() with args: ["8b31f8af-0bc5-40b0-9550-fd57ed9967c7","a8a4d718-1960-47b5-be7d-05b580577608"]
[debug] &amp#27;[35m[WD Proxy]&amp#27;[39m Matched '/element/8b31f8af-0bc5-40b0-9550-fd57ed9967c7/click' to command name 'click'
[debug] &amp#27;[35m[WD Proxy]&amp#27;[39m Proxying [POST /element/8b31f8af-0bc5-40b0-9550-fd57ed9967c7/click] to [POST http://127.0.0.1:8200/wd/hub/session/ffa6dba5-51eb-4889-a5df-cacdf4651326/element/8b31f8af-0bc5-40b0-9550-fd57ed9967c7/click] with body: {"element":"8b31f8af-0bc5-40b0-9550-fd57ed9967c7"}
[debug] &amp#27;[35m[WD Proxy]&amp#27;[39m Got response with status 200: {"sessionId":"ffa6dba5-51eb-4889-a5df-cacdf4651326","value":null}
[debug] &amp#27;[35m[W3C (a8a4d718)]&amp#27;[39m Responding to client with driver.click() result: null
&amp#27;[35m[HTTP]&amp#27;[39m &amp#27;[37m<-- POST /wd/hub/session/a8a4d718-1960-47b5-be7d-05b580577608/element/8b31f8af-0bc5-40b0-9550-fd57ed9967c7/click &amp#27;[39m&amp#27;[32m200&amp#27;[39m &amp#27;[90m803 ms - 14&amp#27;[39m
&amp#27;[35m[HTTP]&amp#27;[39m &amp#27;[90m&amp#27;[39m
&amp#27;[35m[HTTP]&amp#27;[39m &amp#27;[37m-->&amp#27;[39m &amp#27;[37mPOST&amp#27;[39m &amp#27;[37m/wd/hub/session/a8a4d718-1960-47b5-be7d-05b580577608/element&amp#27;[39m
&amp#27;[35m[HTTP]&amp#27;[39m &amp#27;[90m{"using":"id","value":"com.androidsample.generalstore:id/btnLetsShop"}&amp#27;[39m
[debug] &amp#27;[35m[W3C (a8a4d718)]&amp#27;[39m Calling AppiumDriver.findElement() with args: ["id","com.androidsample.generalstore:id/btnLetsShop","a8a4d718-1960-47b5-be7d-05b580577608"]
[debug] &amp#27;[35m[BaseDriver]&amp#27;[39m Valid locator strategies for this request: xpath, id, class name, accessibility id, css selector, -android uiautomator
[debug] &amp#27;[35m[BaseDriver]&amp#27;[39m Waiting up to 10000 ms for condition
[debug] &amp#27;[35m[WD Proxy]&amp#27;[39m Matched '/element' to command name 'findElement'
[debug] &amp#27;[35m[WD Proxy]&amp#27;[39m Proxying [POST /element] to [POST http://127.0.0.1:8200/wd/hub/session/ffa6dba5-51eb-4889-a5df-cacdf4651326/element] with body: {"strategy":"id","selector":"com.androidsample.generalstore:id/btnLetsShop","context":"","multiple":false}
[debug] &amp#27;[35m[WD Proxy]&amp#27;[39m Got response with status 200: {"sessionId":"ffa6dba5-51eb-4889-a5df-cacdf4651326","value":{"ELEMENT":"64936510-a8f4-4137-b4da-cacb9ec764c9","element-6066-11e4-a52e-4f735466cecf":"64936510-a8f4-4137-b4da-cacb9ec764c9"}}
[debug] &amp#27;[35m[W3C (a8a4d718)]&amp#27;[39m Responding to client with driver.findElement() result: {"element-6066-11e4-a52e-4f735466cecf":"64936510-a8f4-4137-b4da-cacb9ec764c9","ELEMENT":"64936510-a8f4-4137-b4da-cacb9ec764c9"}
&amp#27;[35m[HTTP]&amp#27;[39m &amp#27;[37m<-- POST /wd/hub/session/a8a4d718-1960-47b5-be7d-05b580577608/element &amp#27;[39m&amp#27;[32m200&amp#27;[39m &amp#27;[90m89 ms - 137&amp#27;[39m
&amp#27;[35m[HTTP]&amp#27;[39m &amp#27;[90m&amp#27;[39m
&amp#27;[35m[HTTP]&amp#27;[39m &amp#27;[37m-->&amp#27;[39m &amp#27;[37mPOST&amp#27;[39m &amp#27;[37m/wd/hub/session/a8a4d718-1960-47b5-be7d-05b580577608/element/64936510-a8f4-4137-b4da-cacb9ec764c9/click&amp#27;[39m
&amp#27;[35m[HTTP]&amp#27;[39m &amp#27;[90m{"id":"64936510-a8f4-4137-b4da-cacb9ec764c9"}&amp#27;[39m
[debug] &amp#27;[35m[W3C (a8a4d718)]&amp#27;[39m Calling AppiumDriver.click() with args: ["64936510-a8f4-4137-b4da-cacb9ec764c9","a8a4d718-1960-47b5-be7d-05b580577608"]
[debug] &amp#27;[35m[WD Proxy]&amp#27;[39m Matched '/element/64936510-a8f4-4137-b4da-cacb9ec764c9/click' to command name 'click'
[debug] &amp#27;[35m[WD Proxy]&amp#27;[39m Proxying [POST /element/64936510-a8f4-4137-b4da-cacb9ec764c9/click] to [POST http://127.0.0.1:8200/wd/hub/session/ffa6dba5-51eb-4889-a5df-cacdf4651326/element/64936510-a8f4-4137-b4da-cacb9ec764c9/click] with body: {"element":"64936510-a8f4-4137-b4da-cacb9ec764c9"}
[debug] &amp#27;[35m[WD Proxy]&amp#27;[39m Got response with status 200: {"sessionId":"ffa6dba5-51eb-4889-a5df-cacdf4651326","value":null}
[debug] &amp#27;[35m[W3C (a8a4d718)]&amp#27;[39m Responding to client with driver.click() result: null
&amp#27;[35m[HTTP]&amp#27;[39m &amp#27;[37m<-- POST /wd/hub/session/a8a4d718-1960-47b5-be7d-05b580577608/element/64936510-a8f4-4137-b4da-cacb9ec764c9/click &amp#27;[39m&amp#27;[32m200&amp#27;[39m &amp#27;[90m61 ms - 14&amp#27;[39m
&amp#27;[35m[HTTP]&amp#27;[39m &amp#27;[90m&amp#27;[39m
&amp#27;[35m[HTTP]&amp#27;[39m &amp#27;[37m-->&amp#27;[39m &amp#27;[37mPOST&amp#27;[39m &amp#27;[37m/wd/hub/session/a8a4d718-1960-47b5-be7d-05b580577608/element&amp#27;[39m
&amp#27;[35m[HTTP]&amp#27;[39m &amp#27;[90m{"using":"xpath","value":"//android.widget.Toast[1]"}&amp#27;[39m
[debug] &amp#27;[35m[W3C (a8a4d718)]&amp#27;[39m Calling AppiumDriver.findElement() with args: ["xpath","//android.widget.Toast[1]","a8a4d718-1960-47b5-be7d-05b580577608"]
[debug] &amp#27;[35m[BaseDriver]&amp#27;[39m Valid locator strategies for this request: xpath, id, class name, accessibility id, css selector, -android uiautomator
[debug] &amp#27;[35m[BaseDriver]&amp#27;[39m Waiting up to 10000 ms for condition
[debug] &amp#27;[35m[WD Proxy]&amp#27;[39m Matched '/element' to command name 'findElement'
[debug] &amp#27;[35m[WD Proxy]&amp#27;[39m Proxying [POST /element] to [POST http://127.0.0.1:8200/wd/hub/session/ffa6dba5-51eb-4889-a5df-cacdf4651326/element] with body: {"strategy":"xpath","selector":"//android.widget.Toast[1]","context":"","multiple":false}
&amp#27;[35m[WD Proxy]&amp#27;[39m Got response with status 404: {"sessionId":"ffa6dba5-51eb-4889-a5df-cacdf4651326","value":{"error":"no such element","message":"An element could not be located on the page using the given search parameters","stacktrace":"io.appium.uiautomator2.common.exceptions.ElementNotFoundException: An element could not be located on the page using the given search parameters\n\tat io.appium.uiautomator2.handler.FindElement.findElement(FindElement.java:89)\n\tat io.appium.uiautomator2.handler.FindElement.safeHandle(FindElement.java:66)\n\tat io.appium.uiautomator2.handler.request.SafeRequestHandler.handle(SafeRequestHandler.java:41)\n\tat io.appium.uiautomator2.server.AppiumServlet.handleRequest(AppiumServlet.java:262)\n\tat io.appium.uiautomator2.server.AppiumServlet.handleHttpRequest(AppiumServlet.java:256)\n\tat io.appium.uiautomator2.http.ServerHandler.channelRead(ServerHandler.java:68)\n\tat io.netty.channel.AbstractChannelHandlerContext.invokeChannelRead(AbstractChannelHandlerContext.java:366)\n\tat io.netty.channel.AbstractChannelHandlerCont...
[debug] &amp#27;[35m[W3C]&amp#27;[39m Matched W3C error code 'no such element' to NoSuchElementError
[debug] &amp#27;[35m[BaseDriver]&amp#27;[39m Waited for 117 ms so far
[debug] &amp#27;[35m[WD Proxy]&amp#27;[39m Matched '/element' to command name 'findElement'
[debug] &amp#27;[35m[WD Proxy]&amp#27;[39m Proxying [POST /element] to [POST http://127.0.0.1:8200/wd/hub/session/ffa6dba5-51eb-4889-a5df-cacdf4651326/element] with body: {"strategy":"xpath","selector":"//android.widget.Toast[1]","context":"","multiple":false}
[debug] &amp#27;[35m[WD Proxy]&amp#27;[39m Got response with status 200: {"sessionId":"ffa6dba5-51eb-4889-a5df-cacdf4651326","value":{"ELEMENT":"affacd8b-98e2-4b21-9738-85dc42020045","element-6066-11e4-a52e-4f735466cecf":"affacd8b-98e2-4b21-9738-85dc42020045"}}
[debug] &amp#27;[35m[W3C (a8a4d718)]&amp#27;[39m Responding to client with driver.findElement() result: {"element-6066-11e4-a52e-4f735466cecf":"affacd8b-98e2-4b21-9738-85dc42020045","ELEMENT":"affacd8b-98e2-4b21-9738-85dc42020045"}
&amp#27;[35m[HTTP]&amp#27;[39m &amp#27;[37m<-- POST /wd/hub/session/a8a4d718-1960-47b5-be7d-05b580577608/element &amp#27;[39m&amp#27;[32m200&amp#27;[39m &amp#27;[90m861 ms - 137&amp#27;[39m
&amp#27;[35m[HTTP]&amp#27;[39m &amp#27;[90m&amp#27;[39m
&amp#27;[35m[HTTP]&amp#27;[39m &amp#27;[37m-->&amp#27;[39m &amp#27;[37mGET&amp#27;[39m &amp#27;[37m/wd/hub/session/a8a4d718-1960-47b5-be7d-05b580577608/element/affacd8b-98e2-4b21-9738-85dc42020045/attribute/name&amp#27;[39m
&amp#27;[35m[HTTP]&amp#27;[39m &amp#27;[90m{}&amp#27;[39m
[debug] &amp#27;[35m[W3C (a8a4d718)]&amp#27;[39m Calling AppiumDriver.getAttribute() with args: ["name","affacd8b-98e2-4b21-9738-85dc42020045","a8a4d718-1960-47b5-be7d-05b580577608"]
[debug] &amp#27;[35m[WD Proxy]&amp#27;[39m Matched '/element/affacd8b-98e2-4b21-9738-85dc42020045/attribute/name' to command name 'getAttribute'
[debug] &amp#27;[35m[WD Proxy]&amp#27;[39m Proxying [GET /element/affacd8b-98e2-4b21-9738-85dc42020045/attribute/name] to [GET http://127.0.0.1:8200/wd/hub/session/ffa6dba5-51eb-4889-a5df-cacdf4651326/element/affacd8b-98e2-4b21-9738-85dc42020045/attribute/name] with no body
[debug] &amp#27;[35m[WD Proxy]&amp#27;[39m Got response with status 200: {"sessionId":"ffa6dba5-51eb-4889-a5df-cacdf4651326","value":"Please enter your name"}
[debug] &amp#27;[35m[W3C (a8a4d718)]&amp#27;[39m Responding to client with driver.getAttribute() result: "Please enter your name"
&amp#27;[35m[HTTP]&amp#27;[39m &amp#27;[37m<-- GET /wd/hub/session/a8a4d718-1960-47b5-be7d-05b580577608/element/affacd8b-98e2-4b21-9738-85dc42020045/attribute/name &amp#27;[39m&amp#27;[32m200&amp#27;[39m &amp#27;[90m132 ms - 34&amp#27;[39m
&amp#27;[35m[HTTP]&amp#27;[39m &amp#27;[90m&amp#27;[39m
Please enter your name
&amp#27;[35m[HTTP]&amp#27;[39m &amp#27;[37m-->&amp#27;[39m &amp#27;[37mGET&amp#27;[39m &amp#27;[37m/wd/hub/session/a8a4d718-1960-47b5-be7d-05b580577608/screenshot&amp#27;[39m
&amp#27;[35m[HTTP]&amp#27;[39m &amp#27;[90m{}&amp#27;[39m
[debug] &amp#27;[35m[W3C (a8a4d718)]&amp#27;[39m Calling AppiumDriver.getScreenshot() with args: ["a8a4d718-1960-47b5-be7d-05b580577608"]
[debug] &amp#27;[35m[WD Proxy]&amp#27;[39m Matched '/screenshot' to command name 'getScreenshot'
[debug] &amp#27;[35m[WD Proxy]&amp#27;[39m Proxying [GET /screenshot] to [GET http://127.0.0.1:8200/wd/hub/session/ffa6dba5-51eb-4889-a5df-cacdf4651326/screenshot] with no body
[debug] &amp#27;[35m[WD Proxy]&amp#27;[39m Got response with status 200: {"sessionId":"ffa6dba5-51eb-4889-a5df-cacdf4651326","value":"iVBORw0KGgoAAAANSUhEUgAABDgAAAeACAYAAAArYecKAAAAAXNSR0IArs4c6QAAAARzQklUCAgI\nCHwIZIgAACAASURBVHic7N13eBzF4cbxd3bv1Lss9wpugAs2xQZMwBhTTEwNNUCAQBIgJAT4hQRI\nJUBICCEJCSEQQgqdUEKAYDq26WDAxmDTbLnKVb3c3e7+/lCxbO1Jd5JO0trfz/PwoNsyM3u3K2vf\nm50xhUvP9gQAAAAAABBgVm83AAAAAAAAoKsIOAAAAAAAQOARcAAAAAAAgMAj4AAAAAAAAIFHwAEA\nAAAAAAKPgAMAAAAAAAQeAQcAAAAAAAg8Ag4AAAAAABB4BBwAAAAAACDwCDgAAAAAAEDgEXAAAAAA\nAIDAC/V2A4DeZMvSoHChvpy7jw7Lnqhx6YNVbOdKkrY41foksk4vVC/RE1VvaU10ixy5vdxiAAAA\nAIAfU7j0bK+3GwH0JCOjPdOH6pZB52pSxkiFjCUj0+4+njw5nqslDat0+bq79V79CnkK7qWTZkIa\nlTZAkvRFpEwRL9bLLQIAAACAriHgwC5lWLif3ht9kyR1GGrE0xxs9P/ovMD16Mi2MjQ2bZBOK5ih\no3L2lidpXvV7uq98gZZH1qnGre/tJgIAAADdLt/O0oT04ZqYMVz5VpYmZAxXvp3dsr7CqdGS+lJV\nuLVaXF+qJQ2lqnBqe7HFXTcxY7gW15emvI7rBny13W2uLrsn5e1oxiMqiKvYztXRuVM1LXOM7/r3\n6r/Qk1XvaH2svIdblrwMk6anRl6tSRkjOh1sNGve/4+DL9C31t7eHc1LOVuWZuVM1HmFszQ9a6xy\nrAxZTcdxXuEsnZJ/kF6vXa67tj6v56sXBy64aS3HytBXCw7W8HBJ0vtudar1XPUH+qhhjRq8aApa\nBwAAgJ4yPNxPc3Knak7uPpqR...
[debug] &amp#27;[35m[W3C (a8a4d718)]&amp#27;[39m Responding to client with driver.getScreenshot() result: "iVBORw0KGgoAAAANSUhEUgAABDgAAAeACAYAAAArYecKAAAAAXNSR0IArs4c6QAAAARzQklUCAgI\nCHwIZIgAACAASURBVHic7N13eBzF4cbxd3bv1Lss9wpugAs2xQZMwBhTTEwNNUCAQBIgJAT4hQRI\nJUBICCEJCSEQQgqdUEKAYDq26WDAxmDTbLnKVb3c3e7+/lCxbO1Jd5JO0trfz/PwoNsyM3u3K2vf\nm50xhUvP9gQAAAAAABBgVm83AAAAAAAAoKsIOAAAAAAAQOARcAAAAAAAgMAj4AAAAAAAAIFHwAEA\nAAAAAAKPgAMAAAAAAAQeAQcAAAAAAAg8Ag4AAAAAABB4BBwAAAAAACDwCDgAAAAAAEDgEXAAAAAA\nAIDAC/V2A4DeZMvSoHChvpy7jw7Lnqhx6YNVbOdKkrY41foksk4vVC/RE1VvaU10ixy5vdxiAAAA\nAIAfU7j0bK+3GwH0JCOjPdOH6pZB52pSxkiFjCUj0+4+njw5nqslDat0+bq79V79CnkK7qWTZkIa\nlTZAkvRFpEwRL9bLLQIAAACAriHgwC5lWLif3ht9kyR1GGrE0xxs9P/ovMD16Mi2MjQ2bZBOK5ih\no3L2lidpXvV7uq98gZZH1qnGre/tJgIAAADdLt/O0oT04ZqYMVz5VpYmZAxXvp3dsr7CqdGS+lJV\nuLVaXF+qJQ2lqnBqe7HFXTcxY7gW15emvI7rBny13W2uLrsn5e1oxiMqiKvYztXRuVM1LXOM7/r3\n6r/Qk1XvaH2svIdblrwMk6anRl6tSRkjOh1sNGve/4+DL9C31t7eHc1LOVuWZuVM1HmFszQ9a6xy\nrAxZTcdxXuEsnZJ/kF6vXa67tj6v56sXBy64aS3HytBXCw7W8HBJ0vtudar1XPUH+qhhjRq8aApa\nBwAAgJ4yPNxPc3Knak7uPpqRNb7D7Y/J3We71wtqP9ZTVe/oqap3VRrdlKpmpsQZ+Qfr9IIZmrvy\nhpTWk2...
&amp#27;[35m[HTTP]&amp#27;[39m &amp#27;[37m<-- GET /wd/hub/session/a8a4d718-1960-47b5-be7d-05b580577608/screenshot &amp#27;[39m&amp#27;[32m200&amp#27;[39m &amp#27;[90m1777 ms - 617810&amp#27;[39m
&amp#27;[35m[HTTP]&amp#27;[39m &amp#27;[90m&amp#27;[39m
]]></system-out>
    <system-err><![CDATA[Aug 22, 2021 6:17:13 PM io.appium.java_client.remote.AppiumCommandExecutor$1 lambda$0
INFO: Detected dialect: W3C
]]></system-err>
  </testcase>
  <testcase name="saving[hello](1)" classname="mobile.Plutus_Payzapp.Basic" time="25.854">
    <system-out><![CDATA[Hit Batch FileC:\Users\krishan Bhalla\eclipse-workspace\Plutus_Payzapp\src\main\java\resources\startEmulator.bat
[debug] &amp#27;[35m[HTTP]&amp#27;[39m Request idempotency key: a72b6ad8-ed59-4094-b816-3ad98a7183fc
&amp#27;[35m[HTTP]&amp#27;[39m &amp#27;[37m-->&amp#27;[39m &amp#27;[37mPOST&amp#27;[39m &amp#27;[37m/wd/hub/session&amp#27;[39m
&amp#27;[35m[HTTP]&amp#27;[39m &amp#27;[90m{"desiredCapabilities":{"app":"C:\\Users\\krishan Bhalla\\eclipse-workspace\\Plutus_Payzapp\\src\\main\\java\\ApiDemos-debug.apk","automationName":"uiautomator2","platformName":"Android","newCommandTimeout":14},"capabilities":{"firstMatch":[{"appium:app":"C:\\Users\\krishan Bhalla\\eclipse-workspace\\Plutus_Payzapp\\src\\main\\java\\ApiDemos-debug.apk","appium:automationName":"uiautomator2","appium:newCommandTimeout":14,"platformName":"android"}]}}&amp#27;[39m
[debug] &amp#27;[35m[W3C]&amp#27;[39m Calling AppiumDriver.createSession() with args: [{"app":"C:\\Users\\krishan Bhalla\\eclipse-workspace\\Plutus_Payzapp\\src\\main\\java\\ApiDemos-debug.apk","automationName":"uiautomator2","platformName":"Android","newCommandTimeout":14},null,{"firstMatch":[{"appium:app":"C:\\Users\\krishan Bhalla\\eclipse-workspace\\Plutus_Payzapp\\src\\main\\java\\ApiDemos-debug.apk","appium:automationName":"uiautomator2","appium:newCommandTimeout":14,"platformName":"android"}]}]
[debug] &amp#27;[35m[BaseDriver]&amp#27;[39m Event 'newSessionRequested' logged at 1629636454196 (18:17:34 GMT+0530 (India Standard Time))
&amp#27;[35m[Appium]&amp#27;[39m Appium v1.21.0 creating new AndroidUiautomator2Driver (v1.65.0) session
[debug] &amp#27;[35m[BaseDriver]&amp#27;[39m W3C capabilities and MJSONWP desired capabilities were provided
[debug] &amp#27;[35m[BaseDriver]&amp#27;[39m Creating session with W3C capabilities: {
[debug] &amp#27;[35m[BaseDriver]&amp#27;[39m   "alwaysMatch": {
[debug] &amp#27;[35m[BaseDriver]&amp#27;[39m     "platformName": "android",
[debug] &amp#27;[35m[BaseDriver]&amp#27;[39m     "appium:app": "C:\\Users\\krishan Bhalla\\eclipse-workspace\\Plutus_Payzapp\\src\\main\\java\\ApiDemos-debug.apk",
[debug] &amp#27;[35m[BaseDriver]&amp#27;[39m     "appium:automationName": "uiautomator2",
[debug] &amp#27;[35m[BaseDriver]&amp#27;[39m     "appium:newCommandTimeout": 14
[debug] &amp#27;[35m[BaseDriver]&amp#27;[39m   },
[debug] &amp#27;[35m[BaseDriver]&amp#27;[39m   "firstMatch": [
[debug] &amp#27;[35m[BaseDriver]&amp#27;[39m     {}
[debug] &amp#27;[35m[BaseDriver]&amp#27;[39m   ]
[debug] &amp#27;[35m[BaseDriver]&amp#27;[39m }
&amp#27;[35m[BaseDriver]&amp#27;[39m Session created with session id: 08ea22b5-17a9-479a-8393-eb83248a1637
&amp#27;[35m[BaseDriver]&amp#27;[39m Using local app 'C:\Users\krishan Bhalla\eclipse-workspace\Plutus_Payzapp\src\main\java\ApiDemos-debug.apk'
[debug] &amp#27;[35m[UiAutomator2]&amp#27;[39m Checking whether app is actually present
&amp#27;[35m[ADB]&amp#27;[39m Using 'adb.exe' from 'C:\Users\krishan Bhalla\AppData\Local\Android\Sdk\platform-tools\adb.exe'
[debug] &amp#27;[35m[ADB]&amp#27;[39m Running 'C:\Users\krishan Bhalla\AppData\Local\Android\Sdk\platform-tools\adb.exe -P 5037 start-server'
&amp#27;[35m[AndroidDriver]&amp#27;[39m Retrieving device list
[debug] &amp#27;[35m[ADB]&amp#27;[39m Trying to find a connected android device
[debug] &amp#27;[35m[ADB]&amp#27;[39m Getting connected devices
[debug] &amp#27;[35m[ADB]&amp#27;[39m Connected devices: [{"udid":"emulator-5554","state":"device"}]
&amp#27;[35m[AndroidDriver]&amp#27;[39m Using device: emulator-5554
&amp#27;[35m[ADB]&amp#27;[39m Using 'adb.exe' from 'C:\Users\krishan Bhalla\AppData\Local\Android\Sdk\platform-tools\adb.exe'
[debug] &amp#27;[35m[ADB]&amp#27;[39m Running 'C:\Users\krishan Bhalla\AppData\Local\Android\Sdk\platform-tools\adb.exe -P 5037 start-server'
[debug] &amp#27;[35m[ADB]&amp#27;[39m Setting device id to emulator-5554
[debug] &amp#27;[35m[ADB]&amp#27;[39m Running 'C:\Users\krishan Bhalla\AppData\Local\Android\Sdk\platform-tools\adb.exe -P 5037 -s emulator-5554 shell getprop ro.build.version.sdk'
[debug] &amp#27;[35m[ADB]&amp#27;[39m Current device property 'ro.build.version.sdk': 30
&amp#27;[35m[ADB]&amp#27;[39m Getting device platform version
[debug] &amp#27;[35m[ADB]&amp#27;[39m Running 'C:\Users\krishan Bhalla\AppData\Local\Android\Sdk\platform-tools\adb.exe -P 5037 -s emulator-5554 shell getprop ro.build.version.release'
[debug] &amp#27;[35m[ADB]&amp#27;[39m Current device property 'ro.build.version.release': 11
[debug] &amp#27;[35m[ADB]&amp#27;[39m Device API level: 30
&amp#27;[35m[UiAutomator2]&amp#27;[39m Relaxing hidden api policy
[debug] &amp#27;[35m[ADB]&amp#27;[39m Running 'C:\Users\krishan Bhalla\AppData\Local\Android\Sdk\platform-tools\adb.exe -P 5037 -s emulator-5554 shell 'settings put global hidden_api_policy_pre_p_apps 1;settings put global hidden_api_policy_p_apps 1;settings put global hidden_api_policy 1''
[debug] &amp#27;[35m[AndroidDriver]&amp#27;[39m Parsing package and activity from app manifest
&amp#27;[35m[ADB]&amp#27;[39m Package name: 'io.appium.android.apis'
&amp#27;[35m[ADB]&amp#27;[39m Main activity name: 'io.appium.android.apis.ApiDemos'
[debug] &amp#27;[35m[AndroidDriver]&amp#27;[39m Parsed package and activity are: io.appium.android.apis/io.appium.android.apis.ApiDemos
[debug] &amp#27;[35m[ADB]&amp#27;[39m Running 'C:\Users\krishan Bhalla\AppData\Local\Android\Sdk\platform-tools\adb.exe -P 5037 -s emulator-5554 wait-for-device'
[debug] &amp#27;[35m[ADB]&amp#27;[39m Running 'C:\Users\krishan Bhalla\AppData\Local\Android\Sdk\platform-tools\adb.exe -P 5037 -s emulator-5554 shell echo ping'
[debug] &amp#27;[35m[AndroidDriver]&amp#27;[39m Pushing settings apk to device...
[debug] &amp#27;[35m[ADB]&amp#27;[39m Getting install status for io.appium.settings
[debug] &amp#27;[35m[ADB]&amp#27;[39m Running 'C:\Users\krishan Bhalla\AppData\Local\Android\Sdk\platform-tools\adb.exe -P 5037 -s emulator-5554 shell dumpsys package io.appium.settings'
[debug] &amp#27;[35m[ADB]&amp#27;[39m 'io.appium.settings' is installed
[debug] &amp#27;[35m[ADB]&amp#27;[39m Getting package info for 'io.appium.settings'
[debug] &amp#27;[35m[ADB]&amp#27;[39m Running 'C:\Users\krishan Bhalla\AppData\Local\Android\Sdk\platform-tools\adb.exe -P 5037 -s emulator-5554 shell dumpsys package io.appium.settings'
[debug] &amp#27;[35m[ADB]&amp#27;[39m The version name of the installed 'io.appium.settings' is greater or equal to the application version name ('3.3.0' >= '3.3.0')
[debug] &amp#27;[35m[ADB]&amp#27;[39m There is no need to install/upgrade 'C:\Users\krishan Bhalla\AppData\Roaming\npm\node_modules\appium\node_modules\io.appium.settings\apks\settings_apk-debug.apk'
[debug] &amp#27;[35m[ADB]&amp#27;[39m Getting IDs of all 'io.appium.settings' processes
[debug] &amp#27;[35m[ADB]&amp#27;[39m Running 'C:\Users\krishan Bhalla\AppData\Local\Android\Sdk\platform-tools\adb.exe -P 5037 -s emulator-5554 shell 'pgrep --help; echo $?''
[debug] &amp#27;[35m[ADB]&amp#27;[39m Running 'C:\Users\krishan Bhalla\AppData\Local\Android\Sdk\platform-tools\adb.exe -P 5037 -s emulator-5554 shell pgrep -f \(\[\[:blank:\]\]\|\^\)io\.appium\.settings\(\[\[:blank:\]\]\|\$\)'
[debug] &amp#27;[35m[AndroidDriver]&amp#27;[39m io.appium.settings is already running. There is no need to reset its permissions.
[debug] &amp#27;[35m[Logcat]&amp#27;[39m Starting logs capture with command: 'C:\\Users\\krishan Bhalla\\AppData\\Local\\Android\\Sdk\\platform-tools\\adb.exe' -P 5037 -s emulator-5554 logcat -v threadtime
[debug] &amp#27;[35m[UiAutomator2]&amp#27;[39m Forwarding UiAutomator2 Server port 6790 to local port 8201
[debug] &amp#27;[35m[ADB]&amp#27;[39m Forwarding system: 8201 to device: 6790
[debug] &amp#27;[35m[ADB]&amp#27;[39m Running 'C:\Users\krishan Bhalla\AppData\Local\Android\Sdk\platform-tools\adb.exe -P 5037 -s emulator-5554 forward tcp:8201 tcp:6790'
[debug] &amp#27;[35m[ADB]&amp#27;[39m Getting install status for io.appium.uiautomator2.server
[debug] &amp#27;[35m[ADB]&amp#27;[39m Running 'C:\Users\krishan Bhalla\AppData\Local\Android\Sdk\platform-tools\adb.exe -P 5037 -s emulator-5554 shell dumpsys package io.appium.uiautomator2.server'
[debug] &amp#27;[35m[ADB]&amp#27;[39m 'io.appium.uiautomator2.server' is installed
[debug] &amp#27;[35m[ADB]&amp#27;[39m Getting package info for 'io.appium.uiautomator2.server'
[debug] &amp#27;[35m[ADB]&amp#27;[39m Running 'C:\Users\krishan Bhalla\AppData\Local\Android\Sdk\platform-tools\adb.exe -P 5037 -s emulator-5554 shell dumpsys package io.appium.uiautomator2.server'
[debug] &amp#27;[35m[ADB]&amp#27;[39m The version name of the installed 'io.appium.uiautomator2.server' is greater or equal to the application version name ('4.21.1' >= '4.21.1')
[debug] &amp#27;[35m[UiAutomator2]&amp#27;[39m io.appium.uiautomator2.server installation state: sameVersionInstalled
[debug] &amp#27;[35m[ADB]&amp#27;[39m Checking app cert for C:\Users\krishan Bhalla\AppData\Roaming\npm\node_modules\appium\node_modules\appium-uiautomator2-server\apks\appium-uiautomator2-server-v4.21.1.apk
&amp#27;[35m[ADB]&amp#27;[39m Using 'apksigner.jar' from 'C:\Users\krishan Bhalla\AppData\Local\Android\Sdk\build-tools\31.0.0\lib\apksigner.jar'
[debug] &amp#27;[35m[ADB]&amp#27;[39m Starting apksigner: 'C:\\Program Files\\Java\\jdk1.8.0_301\\bin\\java.exe' -Xmx1024M -Xss1m -jar 'C:\\Users\\krishan Bhalla\\AppData\\Local\\Android\\Sdk\\build-tools\\31.0.0\\lib\\apksigner.jar' verify --print-certs 'C:\\Users\\krishan Bhalla\\AppData\\Roaming\\npm\\node_modules\\appium\\node_modules\\appium-uiautomator2-server\\apks\\appium-uiautomator2-server-v4.21.1.apk'
[debug] &amp#27;[35m[ADB]&amp#27;[39m apksigner stdout: Signer #1 certificate DN: EMAILADDRESS=android@android.com, CN=Android, OU=Android, O=Android, L=Mountain View, ST=California, C=US
[debug] &amp#27;[35m[ADB]&amp#27;[39m Signer #1 certificate SHA-256 digest: a40da80a59d170caa950cf15c18c454d47a39b26989d8b640ecd745ba71bf5dc
[debug] &amp#27;[35m[ADB]&amp#27;[39m Signer #1 certificate SHA-1 digest: 61ed377e85d386a8dfee6b864bd85b0bfaa5af81
[debug] &amp#27;[35m[ADB]&amp#27;[39m Signer #1 certificate MD5 digest: e89b158e4bcf988ebd09eb83f5378e87
[debug] &amp#27;[35m[ADB]&amp#27;[39m 
[debug] &amp#27;[35m[ADB]&amp#27;[39m sha256 hash did match for 'appium-uiautomator2-server-v4.21.1.apk'
&amp#27;[35m[ADB]&amp#27;[39m 'C:\Users\krishan Bhalla\AppData\Roaming\npm\node_modules\appium\node_modules\appium-uiautomator2-server\apks\appium-uiautomator2-server-v4.21.1.apk' is signed with the default certificate
[debug] &amp#27;[35m[ADB]&amp#27;[39m Getting install status for io.appium.uiautomator2.server.test
[debug] &amp#27;[35m[ADB]&amp#27;[39m Running 'C:\Users\krishan Bhalla\AppData\Local\Android\Sdk\platform-tools\adb.exe -P 5037 -s emulator-5554 shell dumpsys package io.appium.uiautomator2.server.test'
[debug] &amp#27;[35m[ADB]&amp#27;[39m 'io.appium.uiautomator2.server.test' is installed
[debug] &amp#27;[35m[ADB]&amp#27;[39m Checking app cert for C:\Users\krishan Bhalla\AppData\Roaming\npm\node_modules\appium\node_modules\appium-uiautomator2-server\apks\appium-uiautomator2-server-debug-androidTest.apk
[debug] &amp#27;[35m[ADB]&amp#27;[39m Starting apksigner: 'C:\\Program Files\\Java\\jdk1.8.0_301\\bin\\java.exe' -Xmx1024M -Xss1m -jar 'C:\\Users\\krishan Bhalla\\AppData\\Local\\Android\\Sdk\\build-tools\\31.0.0\\lib\\apksigner.jar' verify --print-certs 'C:\\Users\\krishan Bhalla\\AppData\\Roaming\\npm\\node_modules\\appium\\node_modules\\appium-uiautomator2-server\\apks\\appium-uiautomator2-server-debug-androidTest.apk'
[debug] &amp#27;[35m[ADB]&amp#27;[39m apksigner stdout: Signer #1 certificate DN: EMAILADDRESS=android@android.com, CN=Android, OU=Android, O=Android, L=Mountain View, ST=California, C=US
[debug] &amp#27;[35m[ADB]&amp#27;[39m Signer #1 certificate SHA-256 digest: a40da80a59d170caa950cf15c18c454d47a39b26989d8b640ecd745ba71bf5dc
[debug] &amp#27;[35m[ADB]&amp#27;[39m Signer #1 certificate SHA-1 digest: 61ed377e85d386a8dfee6b864bd85b0bfaa5af81
[debug] &amp#27;[35m[ADB]&amp#27;[39m Signer #1 certificate MD5 digest: e89b158e4bcf988ebd09eb83f5378e87
[debug] &amp#27;[35m[ADB]&amp#27;[39m 
[debug] &amp#27;[35m[ADB]&amp#27;[39m sha256 hash did match for 'appium-uiautomator2-server-debug-androidTest.apk'
&amp#27;[35m[ADB]&amp#27;[39m 'C:\Users\krishan Bhalla\AppData\Roaming\npm\node_modules\appium\node_modules\appium-uiautomator2-server\apks\appium-uiautomator2-server-debug-androidTest.apk' is signed with the default certificate
&amp#27;[35m[UiAutomator2]&amp#27;[39m Server packages are not going to be (re)installed
[debug] &amp#27;[35m[UiAutomator2]&amp#27;[39m Waiting up to 30000ms for services to be available
[debug] &amp#27;[35m[ADB]&amp#27;[39m Running 'C:\Users\krishan Bhalla\AppData\Local\Android\Sdk\platform-tools\adb.exe -P 5037 -s emulator-5554 shell pm list instrumentation'
[debug] &amp#27;[35m[UiAutomator2]&amp#27;[39m Instrumentation target 'io.appium.uiautomator2.server.test/androidx.test.runner.AndroidJUnitRunner' is available
&amp#27;[35m[ADB]&amp#27;[39m Adding packages ["io.appium.settings","io.appium.uiautomator2.server","io.appium.uiautomator2.server.test"] to Doze whitelist
[debug] &amp#27;[35m[ADB]&amp#27;[39m Got the following command chunks to execute: [["dumpsys","deviceidle","whitelist","+io.appium.settings",";","dumpsys","deviceidle","whitelist","+io.appium.uiautomator2.server",";","dumpsys","deviceidle","whitelist","+io.appium.uiautomator2.server.test",";"]]
[debug] &amp#27;[35m[ADB]&amp#27;[39m Running 'C:\Users\krishan Bhalla\AppData\Local\Android\Sdk\platform-tools\adb.exe -P 5037 -s emulator-5554 shell dumpsys deviceidle whitelist +io.appium.settings ; dumpsys deviceidle whitelist +io.appium.uiautomator2.server ; dumpsys deviceidle whitelist +io.appium.uiautomator2.server.test ;'
[debug] &amp#27;[35m[ADB]&amp#27;[39m Checking app cert for C:\Users\krishan Bhalla\eclipse-workspace\Plutus_Payzapp\src\main\java\ApiDemos-debug.apk
[debug] &amp#27;[35m[ADB]&amp#27;[39m Starting apksigner: 'C:\\Program Files\\Java\\jdk1.8.0_301\\bin\\java.exe' -Xmx1024M -Xss1m -jar 'C:\\Users\\krishan Bhalla\\AppData\\Local\\Android\\Sdk\\build-tools\\31.0.0\\lib\\apksigner.jar' verify --print-certs 'C:\\Users\\krishan Bhalla\\eclipse-workspace\\Plutus_Payzapp\\src\\main\\java\\ApiDemos-debug.apk'
[debug] &amp#27;[35m[ADB]&amp#27;[39m apksigner stdout: Signer #1 certificate DN: C=US, O=Android, CN=Android Debug
[debug] &amp#27;[35m[ADB]&amp#27;[39m Signer #1 certificate SHA-256 digest: ff2c1b0d041edb6e32a5f7c190ca9c3e78c4ca2cddbbb76133fc30c40b291e30
[debug] &amp#27;[35m[ADB]&amp#27;[39m Signer #1 certificate SHA-1 digest: b3de7d52e6aa703f166c4ee6e921c2816278c393
[debug] &amp#27;[35m[ADB]&amp#27;[39m Signer #1 certificate MD5 digest: 7dce13e4e43fbe159a70f7a252cb0acf
[debug] &amp#27;[35m[ADB]&amp#27;[39m 
&amp#27;[35m[ADB]&amp#27;[39m 'C:\Users\krishan Bhalla\eclipse-workspace\Plutus_Payzapp\src\main\java\ApiDemos-debug.apk' is signed with a non-default certificate
[debug] &amp#27;[35m[ADB]&amp#27;[39m Getting install status for io.appium.android.apis
[debug] &amp#27;[35m[ADB]&amp#27;[39m Running 'C:\Users\krishan Bhalla\AppData\Local\Android\Sdk\platform-tools\adb.exe -P 5037 -s emulator-5554 shell dumpsys package io.appium.android.apis'
[debug] &amp#27;[35m[ADB]&amp#27;[39m 'io.appium.android.apis' is installed
[debug] &amp#27;[35m[ADB]&amp#27;[39m Getting package info for 'io.appium.android.apis'
[debug] &amp#27;[35m[ADB]&amp#27;[39m Running 'C:\Users\krishan Bhalla\AppData\Local\Android\Sdk\platform-tools\adb.exe -P 5037 -s emulator-5554 shell dumpsys package io.appium.android.apis'
[debug] &amp#27;[35m[ADB]&amp#27;[39m The version name of the installed 'io.appium.android.apis' is greater or equal to the application version name ('3.3.1' >= '3.3.1')
[debug] &amp#27;[35m[ADB]&amp#27;[39m There is no need to install/upgrade 'C:\Users\krishan Bhalla\eclipse-workspace\Plutus_Payzapp\src\main\java\ApiDemos-debug.apk'
&amp#27;[35m[AndroidDriver]&amp#27;[39m Performing fast reset on 'io.appium.android.apis'
[debug] &amp#27;[35m[ADB]&amp#27;[39m Getting install status for io.appium.android.apis
[debug] &amp#27;[35m[ADB]&amp#27;[39m Running 'C:\Users\krishan Bhalla\AppData\Local\Android\Sdk\platform-tools\adb.exe -P 5037 -s emulator-5554 shell dumpsys package io.appium.android.apis'
[debug] &amp#27;[35m[ADB]&amp#27;[39m 'io.appium.android.apis' is installed
[debug] &amp#27;[35m[ADB]&amp#27;[39m Running 'C:\Users\krishan Bhalla\AppData\Local\Android\Sdk\platform-tools\adb.exe -P 5037 -s emulator-5554 shell am force-stop io.appium.android.apis'
[debug] &amp#27;[35m[ADB]&amp#27;[39m Running 'C:\Users\krishan Bhalla\AppData\Local\Android\Sdk\platform-tools\adb.exe -P 5037 -s emulator-5554 shell pm clear io.appium.android.apis'
[debug] &amp#27;[35m[AndroidDriver]&amp#27;[39m Performed fast reset on the installed 'io.appium.android.apis' application (stop and clear)
[debug] &amp#27;[35m[UiAutomator2]&amp#27;[39m Performing shallow cleanup of automation leftovers
[debug] &amp#27;[35m[UiAutomator2]&amp#27;[39m The following obsolete sessions are still running: [null]
[debug] &amp#27;[35m[UiAutomator2]&amp#27;[39m Cleaning up the obsolete sessions
[debug] &amp#27;[35m[Instrumentation]&amp#27;[39m .
[debug] &amp#27;[35m[Instrumentation]&amp#27;[39m Time: 32.33
[debug] &amp#27;[35m[Instrumentation]&amp#27;[39m 
[debug] &amp#27;[35m[Instrumentation]&amp#27;[39m OK (1 test)
[debug] &amp#27;[35m[ADB]&amp#27;[39m Running 'C:\Users\krishan Bhalla\AppData\Local\Android\Sdk\platform-tools\adb.exe -P 5037 -s emulator-5554 shell am force-stop io.appium.uiautomator2.server.test'
[debug] &amp#27;[35m[Instrumentation]&amp#27;[39m The process has exited with code 0
&amp#27;[35m[UiAutomator2]&amp#27;[39m Starting UIAutomator2 server 4.21.1
&amp#27;[35m[UiAutomator2]&amp#27;[39m Using UIAutomator2 server from 'C:\Users\krishan Bhalla\AppData\Roaming\npm\node_modules\appium\node_modules\appium-uiautomator2-server\apks\appium-uiautomator2-server-v4.21.1.apk' and test from 'C:\Users\krishan Bhalla\AppData\Roaming\npm\node_modules\appium\node_modules\appium-uiautomator2-server\apks\appium-uiautomator2-server-debug-androidTest.apk'
&amp#27;[35m[UiAutomator2]&amp#27;[39m Waiting up to 30000ms for UiAutomator2 to be online...
[debug] &amp#27;[35m[ADB]&amp#27;[39m Creating ADB subprocess with args: ["-P",5037,"-s","emulator-5554","shell","am","instrument","-w","-e","disableAnalytics",true,"io.appium.uiautomator2.server.test/androidx.test.runner.AndroidJUnitRunner"]
[debug] &amp#27;[35m[WD Proxy]&amp#27;[39m Matched '/status' to command name 'getStatus'
[debug] &amp#27;[35m[WD Proxy]&amp#27;[39m Proxying [GET /status] to [GET http://127.0.0.1:8201/wd/hub/status] with no body
&amp#27;[35m[WD Proxy]&amp#27;[39m socket hang up
[debug] &amp#27;[35m[WD Proxy]&amp#27;[39m Matched '/status' to command name 'getStatus'
[debug] &amp#27;[35m[WD Proxy]&amp#27;[39m Proxying [GET /status] to [GET http://127.0.0.1:8201/wd/hub/status] with no body
&amp#27;[35m[WD Proxy]&amp#27;[39m socket hang up
&amp#27;[35m[BaseDriver]&amp#27;[39m Shutting down because we waited 14 seconds for a command
&amp#27;[35m[Appium]&amp#27;[39m Closing session, cause was 'New Command Timeout of 14 seconds expired. Try customizing the timeout using the 'newCommandTimeout' desired capability'
&amp#27;[35m[Appium]&amp#27;[39m Removing session 'a8a4d718-1960-47b5-be7d-05b580577608' from our master session list
[debug] &amp#27;[35m[UiAutomator2]&amp#27;[39m Deleting UiAutomator2 session
[debug] &amp#27;[35m[UiAutomator2]&amp#27;[39m Deleting UiAutomator2 server session
&amp#27;[35m[UiAutomator2]&amp#27;[39m Did not get confirmation UiAutomator2 deleteSession worked; Error was: UnknownError: An unknown server-side error occurred while processing the command. Original error: 'DELETE /' cannot be proxied to UiAutomator2 server because the instrumentation process is not running (probably crashed). Check the server log and/or the logcat output for more details
[debug] &amp#27;[35m[ADB]&amp#27;[39m Running 'C:\Users\krishan Bhalla\AppData\Local\Android\Sdk\platform-tools\adb.exe -P 5037 -s emulator-5554 shell am force-stop com.androidsample.generalstore'
[debug] &amp#27;[35m[Instrumentation]&amp#27;[39m io.appium.uiautomator2.server.test.AppiumUiAutomator2Server:
[debug] &amp#27;[35m[WD Proxy]&amp#27;[39m Matched '/status' to command name 'getStatus'
[debug] &amp#27;[35m[WD Proxy]&amp#27;[39m Proxying [GET /status] to [GET http://127.0.0.1:8201/wd/hub/status] with no body
&amp#27;[35m[WD Proxy]&amp#27;[39m socket hang up
[debug] &amp#27;[35m[Logcat]&amp#27;[39m Stopping logcat capture
[debug] &amp#27;[35m[ADB]&amp#27;[39m Removing forwarded port socket connection: 8200 
[debug] &amp#27;[35m[ADB]&amp#27;[39m Running 'C:\Users\krishan Bhalla\AppData\Local\Android\Sdk\platform-tools\adb.exe -P 5037 -s emulator-5554 forward --remove tcp:8200'
&amp#27;[35m[UiAutomator2]&amp#27;[39m Restoring hidden api policy to the device default configuration
[debug] &amp#27;[35m[ADB]&amp#27;[39m Running 'C:\Users\krishan Bhalla\AppData\Local\Android\Sdk\platform-tools\adb.exe -P 5037 -s emulator-5554 shell 'settings delete global hidden_api_policy_pre_p_apps;settings delete global hidden_api_policy_p_apps;settings delete global hidden_api_policy''
[debug] &amp#27;[35m[WD Proxy]&amp#27;[39m Matched '/status' to command name 'getStatus'
[debug] &amp#27;[35m[WD Proxy]&amp#27;[39m Proxying [GET /status] to [GET http://127.0.0.1:8201/wd/hub/status] with no body
&amp#27;[35m[WD Proxy]&amp#27;[39m socket hang up
[debug] &amp#27;[35m[WD Proxy]&amp#27;[39m Matched '/status' to command name 'getStatus'
[debug] &amp#27;[35m[WD Proxy]&amp#27;[39m Proxying [GET /status] to [GET http://127.0.0.1:8201/wd/hub/status] with no body
[debug] &amp#27;[35m[WD Proxy]&amp#27;[39m Got response with status 200: {"sessionId":"None","value":{"message":"UiAutomator2 Server is ready to accept commands","ready":true}}
[debug] &amp#27;[35m[UiAutomator2]&amp#27;[39m The initialization of the instrumentation process took 4529ms
[debug] &amp#27;[35m[WD Proxy]&amp#27;[39m Matched '/session' to command name 'createSession'
[debug] &amp#27;[35m[WD Proxy]&amp#27;[39m Proxying [POST /session] to [POST http://127.0.0.1:8201/wd/hub/session] with body: {"capabilities":{"firstMatch":[{"platform":"LINUX","webStorageEnabled":false,"takesScreenshot":true,"javascriptEnabled":true,"databaseEnabled":false,"networkConnectionEnabled":true,"locationContextEnabled":false,"warnings":{},"desired":{"platformName":"android","app":"C:\\Users\\krishan Bhalla\\eclipse-workspace\\Plutus_Payzapp\\src\\main\\java\\ApiDemos-debug.apk","automationName":"uiautomator2","newCommandTimeout":14},"platformName":"android","app":"C:\\Users\\krishan Bhalla\\eclipse-workspace\\Plutus_Payzapp\\src\\main\\java\\ApiDemos-debug.apk","automationName":"uiautomator2","newCommandTimeout":14,"deviceName":"emulator-5554","deviceUDID":"emulator-5554","appPackage":"io.appium.android.apis"}],"alwaysMatch":{}}}
[...]
[debug] &amp#27;[35m[BaseDriver]&amp#27;[39m Valid locator strategies for this request: xpath, id, class name, accessibility id, css selector, -android uiautomator
[debug] &amp#27;[35m[BaseDriver]&amp#27;[39m Waiting up to 10000 ms for condition
[debug] &amp#27;[35m[WD Proxy]&amp#27;[39m Matched '/element' to command name 'findElement'
[debug] &amp#27;[35m[WD Proxy]&amp#27;[39m Proxying [POST /element] to [POST http://127.0.0.1:8200/wd/hub/session/4c08dada-185d-4c17-a06a-b7dc06b4a6c0/element] with body: {"strategy":"xpath","selector":"//android.widget.TextView[@text='Preference']","context":"","multiple":false}
[debug] &amp#27;[35m[WD Proxy]&amp#27;[39m Got response with status 200: {"sessionId":"4c08dada-185d-4c17-a06a-b7dc06b4a6c0","value":{"ELEMENT":"f19ff156-4e54-44d0-8986-6bce55e11546","element-6066-11e4-a52e-4f735466cecf":"f19ff156-4e54-44d0-8986-6bce55e11546"}}
[debug] &amp#27;[35m[W3C (fabe0f67)]&amp#27;[39m Responding to client with driver.findElement() result: {"element-6066-11e4-a52e-4f735466cecf":"f19ff156-4e54-44d0-8986-6bce55e11546","ELEMENT":"f19ff156-4e54-44d0-8986-6bce55e11546"}
&amp#27;[35m[HTTP]&amp#27;[39m &amp#27;[37m<-- POST /wd/hub/session/fabe0f67-c543-49c3-900e-4da00f1a5b47/element &amp#27;[39m&amp#27;[32m200&amp#27;[39m &amp#27;[90m1047 ms - 137&amp#27;[39m
&amp#27;[35m[HTTP]&amp#27;[39m &amp#27;[90m&amp#27;[39m
&amp#27;[35m[HTTP]&amp#27;[39m &amp#27;[37m-->&amp#27;[39m &amp#27;[37mPOST&amp#27;[39m &amp#27;[37m/wd/hub/session/fabe0f67-c543-49c3-900e-4da00f1a5b47/element/f19ff156-4e54-44d0-8986-6bce55e11546/click&amp#27;[39m
&amp#27;[35m[HTTP]&amp#27;[39m &amp#27;[90m{"id":"f19ff156-4e54-44d0-8986-6bce55e11546"}&amp#27;[39m
[debug] &amp#27;[35m[W3C (fabe0f67)]&amp#27;[39m Calling AppiumDriver.click() with args: ["f19ff156-4e54-44d0-8986-6bce55e11546","fabe0f67-c543-49c3-900e-4da00f1a5b47"]
[debug] &amp#27;[35m[WD Proxy]&amp#27;[39m Matched '/element/f19ff156-4e54-44d0-8986-6bce55e11546/click' to command name 'click'
[debug] &amp#27;[35m[WD Proxy]&amp#27;[39m Proxying [POST /element/f19ff156-4e54-44d0-8986-6bce55e11546/click] to [POST http://127.0.0.1:8200/wd/hub/session/4c08dada-185d-4c17-a06a-b7dc06b4a6c0/element/f19ff156-4e54-44d0-8986-6bce55e11546/click] with body: {"element":"f19ff156-4e54-44d0-8986-6bce55e11546"}
[debug] &amp#27;[35m[WD Proxy]&amp#27;[39m Got response with status 200: {"sessionId":"4c08dada-185d-4c17-a06a-b7dc06b4a6c0","value":null}
[debug] &amp#27;[35m[W3C (fabe0f67)]&amp#27;[39m Responding to client with driver.click() result: null
&amp#27;[35m[HTTP]&amp#27;[39m &amp#27;[37m<-- POST /wd/hub/session/fabe0f67-c543-49c3-900e-4da00f1a5b47/element/f19ff156-4e54-44d0-8986-6bce55e11546/click &amp#27;[39m&amp#27;[32m200&amp#27;[39m &amp#27;[90m1479 ms - 14&amp#27;[39m
&amp#27;[35m[HTTP]&amp#27;[39m &amp#27;[90m&amp#27;[39m
&amp#27;[35m[HTTP]&amp#27;[39m &amp#27;[37m-->&amp#27;[39m &amp#27;[37mPOST&amp#27;[39m &amp#27;[37m/wd/hub/session/fabe0f67-c543-49c3-900e-4da00f1a5b47/element&amp#27;[39m
&amp#27;[35m[HTTP]&amp#27;[39m &amp#27;[90m{"using":"xpath","value":"//android.widget.TextView[@text='3. Preference dependencies']"}&amp#27;[39m
[debug] &amp#27;[35m[W3C (fabe0f67)]&amp#27;[39m Calling AppiumDriver.findElement() with args: ["xpath","//android.widget.TextView[@text='3. Preference dependencies']","fabe0f67-c543-49c3-900e-4da00f1a5b47"]
[debug] &amp#27;[35m[BaseDriver]&amp#27;[39m Valid locator strategies for this request: xpath, id, class name, accessibility id, css selector, -android uiautomator
[debug] &amp#27;[35m[BaseDriver]&amp#27;[39m Waiting up to 10000 ms for condition
[debug] &amp#27;[35m[WD Proxy]&amp#27;[39m Matched '/element' to command name 'findElement'
[debug] &amp#27;[35m[WD Proxy]&amp#27;[39m Proxying [POST /element] to [POST http://127.0.0.1:8200/wd/hub/session/4c08dada-185d-4c17-a06a-b7dc06b4a6c0/element] with body: {"strategy":"xpath","selector":"//android.widget.TextView[@text='3. Preference dependencies']","context":"","multiple":false}
[debug] &amp#27;[35m[WD Proxy]&amp#27;[39m Got response with status 200: {"sessionId":"4c08dada-185d-4c17-a06a-b7dc06b4a6c0","value":{"ELEMENT":"59c546f1-db18-4cb6-a333-7094f09228ce","element-6066-11e4-a52e-4f735466cecf":"59c546f1-db18-4cb6-a333-7094f09228ce"}}
[debug] &amp#27;[35m[W3C (fabe0f67)]&amp#27;[39m Responding to client with driver.findElement() result: {"element-6066-11e4-a52e-4f735466cecf":"59c546f1-db18-4cb6-a333-7094f09228ce","ELEMENT":"59c546f1-db18-4cb6-a333-7094f09228ce"}
&amp#27;[35m[HTTP]&amp#27;[39m &amp#27;[37m<-- POST /wd/hub/session/fabe0f67-c543-49c3-900e-4da00f1a5b47/element &amp#27;[39m&amp#27;[32m200&amp#27;[39m &amp#27;[90m127 ms - 137&amp#27;[39m
&amp#27;[35m[HTTP]&amp#27;[39m &amp#27;[90m&amp#27;[39m
&amp#27;[35m[HTTP]&amp#27;[39m &amp#27;[37m-->&amp#27;[39m &amp#27;[37mPOST&amp#27;[39m &amp#27;[37m/wd/hub/session/fabe0f67-c543-49c3-900e-4da00f1a5b47/element/59c546f1-db18-4cb6-a333-7094f09228ce/click&amp#27;[39m
&amp#27;[35m[HTTP]&amp#27;[39m &amp#27;[90m{"id":"59c546f1-db18-4cb6-a333-7094f09228ce"}&amp#27;[39m
[debug] &amp#27;[35m[W3C (fabe0f67)]&amp#27;[39m Calling AppiumDriver.click() with args: ["59c546f1-db18-4cb6-a333-7094f09228ce","fabe0f67-c543-49c3-900e-4da00f1a5b47"]
[debug] &amp#27;[35m[WD Proxy]&amp#27;[39m Matched '/element/59c546f1-db18-4cb6-a333-7094f09228ce/click' to command name 'click'
[debug] &amp#27;[35m[WD Proxy]&amp#27;[39m Proxying [POST /element/59c546f1-db18-4cb6-a333-7094f09228ce/click] to [POST http://127.0.0.1:8200/wd/hub/session/4c08dada-185d-4c17-a06a-b7dc06b4a6c0/element/59c546f1-db18-4cb6-a333-7094f09228ce/click] with body: {"element":"59c546f1-db18-4cb6-a333-7094f09228ce"}
[debug] &amp#27;[35m[WD Proxy]&amp#27;[39m Got response with status 200: {"sessionId":"4c08dada-185d-4c17-a06a-b7dc06b4a6c0","value":null}
[debug] &amp#27;[35m[W3C (fabe0f67)]&amp#27;[39m Responding to client with driver.click() result: null
&amp#27;[35m[HTTP]&amp#27;[39m &amp#27;[37m<-- POST /wd/hub/session/fabe0f67-c543-49c3-900e-4da00f1a5b47/element/59c546f1-db18-4cb6-a333-7094f09228ce/click &amp#27;[39m&amp#27;[32m200&amp#27;[39m &amp#27;[90m1410 ms - 14&amp#27;[39m
&amp#27;[35m[HTTP]&amp#27;[39m &amp#27;[90m&amp#27;[39m
&amp#27;[35m[HTTP]&amp#27;[39m &amp#27;[37m-->&amp#27;[39m &amp#27;[37mPOST&amp#27;[39m &amp#27;[37m/wd/hub/session/fabe0f67-c543-49c3-900e-4da00f1a5b47/element&amp#27;[39m
&amp#27;[35m[HTTP]&amp#27;[39m &amp#27;[90m{"using":"id","value":"android:id/checkbox"}&amp#27;[39m
[debug] &amp#27;[35m[W3C (fabe0f67)]&amp#27;[39m Calling AppiumDriver.findElement() with args: ["id","android:id/checkbox","fabe0f67-c543-49c3-900e-4da00f1a5b47"]
[debug] &amp#27;[35m[BaseDriver]&amp#27;[39m Valid locator strategies for this request: xpath, id, class name, accessibility id, css selector, -android uiautomator
[debug] &amp#27;[35m[BaseDriver]&amp#27;[39m Waiting up to 10000 ms for condition
[debug] &amp#27;[35m[WD Proxy]&amp#27;[39m Matched '/element' to command name 'findElement'
[debug] &amp#27;[35m[WD Proxy]&amp#27;[39m Proxying [POST /element] to [POST http://127.0.0.1:8200/wd/hub/session/4c08dada-185d-4c17-a06a-b7dc06b4a6c0/element] with body: {"strategy":"id","selector":"android:id/checkbox","context":"","multiple":false}
[debug] &amp#27;[35m[WD Proxy]&amp#27;[39m Got response with status 200: {"sessionId":"4c08dada-185d-4c17-a06a-b7dc06b4a6c0","value":{"ELEMENT":"f9dca45b-60e4-4a2e-9101-5589bae97d48","element-6066-11e4-a52e-4f735466cecf":"f9dca45b-60e4-4a2e-9101-5589bae97d48"}}
[debug] &amp#27;[35m[W3C (fabe0f67)]&amp#27;[39m Responding to client with driver.findElement() result: {"element-6066-11e4-a52e-4f735466cecf":"f9dca45b-60e4-4a2e-9101-5589bae97d48","ELEMENT":"f9dca45b-60e4-4a2e-9101-5589bae97d48"}
&amp#27;[35m[HTTP]&amp#27;[39m &amp#27;[37m<-- POST /wd/hub/session/fabe0f67-c543-49c3-900e-4da00f1a5b47/element &amp#27;[39m&amp#27;[32m200&amp#27;[39m &amp#27;[90m96 ms - 137&amp#27;[39m
&amp#27;[35m[HTTP]&amp#27;[39m &amp#27;[90m&amp#27;[39m
&amp#27;[35m[HTTP]&amp#27;[39m &amp#27;[37m-->&amp#27;[39m &amp#27;[37mPOST&amp#27;[39m &amp#27;[37m/wd/hub/session/fabe0f67-c543-49c3-900e-4da00f1a5b47/element/f9dca45b-60e4-4a2e-9101-5589bae97d48/click&amp#27;[39m
&amp#27;[35m[HTTP]&amp#27;[39m &amp#27;[90m{"id":"f9dca45b-60e4-4a2e-9101-5589bae97d48"}&amp#27;[39m
[debug] &amp#27;[35m[W3C (fabe0f67)]&amp#27;[39m Calling AppiumDriver.click() with args: ["f9dca45b-60e4-4a2e-9101-5589bae97d48","fabe0f67-c543-49c3-900e-4da00f1a5b47"]
[debug] &amp#27;[35m[WD Proxy]&amp#27;[39m Matched '/element/f9dca45b-60e4-4a2e-9101-5589bae97d48/click' to command name 'click'
[debug] &amp#27;[35m[WD Proxy]&amp#27;[39m Proxying [POST /element/f9dca45b-60e4-4a2e-9101-5589bae97d48/click] to [POST http://127.0.0.1:8200/wd/hub/session/4c08dada-185d-4c17-a06a-b7dc06b4a6c0/element/f9dca45b-60e4-4a2e-9101-5589bae97d48/click] with body: {"element":"f9dca45b-60e4-4a2e-9101-5589bae97d48"}
[debug] &amp#27;[35m[WD Proxy]&amp#27;[39m Got response with status 200: {"sessionId":"4c08dada-185d-4c17-a06a-b7dc06b4a6c0","value":null}
[debug] &amp#27;[35m[W3C (fabe0f67)]&amp#27;[39m Responding to client with driver.click() result: null
&amp#27;[35m[HTTP]&amp#27;[39m &amp#27;[37m<-- POST /wd/hub/session/fabe0f67-c543-49c3-900e-4da00f1a5b47/element/f9dca45b-60e4-4a2e-9101-5589bae97d48/click &amp#27;[39m&amp#27;[32m200&amp#27;[39m &amp#27;[90m833 ms - 14&amp#27;[39m
&amp#27;[35m[HTTP]&amp#27;[39m &amp#27;[90m&amp#27;[39m
&amp#27;[35m[HTTP]&amp#27;[39m &amp#27;[37m-->&amp#27;[39m &amp#27;[37mPOST&amp#27;[39m &amp#27;[37m/wd/hub/session/fabe0f67-c543-49c3-900e-4da00f1a5b47/element&amp#27;[39m
&amp#27;[35m[HTTP]&amp#27;[39m &amp#27;[90m{"using":"xpath","value":"(//android.widget.RelativeLayout)[2]"}&amp#27;[39m
[debug] &amp#27;[35m[W3C (fabe0f67)]&amp#27;[39m Calling AppiumDriver.findElement() with args: ["xpath","(//android.widget.RelativeLayout)[2]","fabe0f67-c543-49c3-900e-4da00f1a5b47"]
[debug] &amp#27;[35m[BaseDriver]&amp#27;[39m Valid locator strategies for this request: xpath, id, class name, accessibility id, css selector, -android uiautomator
[debug] &amp#27;[35m[BaseDriver]&amp#27;[39m Waiting up to 10000 ms for condition
[debug] &amp#27;[35m[WD Proxy]&amp#27;[39m Matched '/element' to command name 'findElement'
[debug] &amp#27;[35m[WD Proxy]&amp#27;[39m Proxying [POST /element] to [POST http://127.0.0.1:8200/wd/hub/session/4c08dada-185d-4c17-a06a-b7dc06b4a6c0/element] with body: {"strategy":"xpath","selector":"(//android.widget.RelativeLayout)[2]","context":"","multiple":false}
[debug] &amp#27;[35m[WD Proxy]&amp#27;[39m Got response with status 200: {"sessionId":"4c08dada-185d-4c17-a06a-b7dc06b4a6c0","value":{"ELEMENT":"842c0e00-c73d-466a-a94d-b4f3f2ff2192","element-6066-11e4-a52e-4f735466cecf":"842c0e00-c73d-466a-a94d-b4f3f2ff2192"}}
[debug] &amp#27;[35m[W3C (fabe0f67)]&amp#27;[39m Responding to client with driver.findElement() result: {"element-6066-11e4-a52e-4f735466cecf":"842c0e00-c73d-466a-a94d-b4f3f2ff2192","ELEMENT":"842c0e00-c73d-466a-a94d-b4f3f2ff2192"}
&amp#27;[35m[HTTP]&amp#27;[39m &amp#27;[37m<-- POST /wd/hub/session/fabe0f67-c543-49c3-900e-4da00f1a5b47/element &amp#27;[39m&amp#27;[32m200&amp#27;[39m &amp#27;[90m107 ms - 137&amp#27;[39m
&amp#27;[35m[HTTP]&amp#27;[39m &amp#27;[90m&amp#27;[39m
&amp#27;[35m[HTTP]&amp#27;[39m &amp#27;[37m-->&amp#27;[39m &amp#27;[37mPOST&amp#27;[39m &amp#27;[37m/wd/hub/session/fabe0f67-c543-49c3-900e-4da00f1a5b47/element/842c0e00-c73d-466a-a94d-b4f3f2ff2192/click&amp#27;[39m
&amp#27;[35m[HTTP]&amp#27;[39m &amp#27;[90m{"id":"842c0e00-c73d-466a-a94d-b4f3f2ff2192"}&amp#27;[39m
[debug] &amp#27;[35m[W3C (fabe0f67)]&amp#27;[39m Calling AppiumDriver.click() with args: ["842c0e00-c73d-466a-a94d-b4f3f2ff2192","fabe0f67-c543-49c3-900e-4da00f1a5b47"]
[debug] &amp#27;[35m[WD Proxy]&amp#27;[39m Matched '/element/842c0e00-c73d-466a-a94d-b4f3f2ff2192/click' to command name 'click'
[debug] &amp#27;[35m[WD Proxy]&amp#27;[39m Proxying [POST /element/842c0e00-c73d-466a-a94d-b4f3f2ff2192/click] to [POST http://127.0.0.1:8200/wd/hub/session/4c08dada-185d-4c17-a06a-b7dc06b4a6c0/element/842c0e00-c73d-466a-a94d-b4f3f2ff2192/click] with body: {"element":"842c0e00-c73d-466a-a94d-b4f3f2ff2192"}
[debug] &amp#27;[35m[WD Proxy]&amp#27;[39m Got response with status 200: {"sessionId":"4c08dada-185d-4c17-a06a-b7dc06b4a6c0","value":null}
[debug] &amp#27;[35m[W3C (fabe0f67)]&amp#27;[39m Responding to client with driver.click() result: null
&amp#27;[35m[HTTP]&amp#27;[39m &amp#27;[37m<-- POST /wd/hub/session/fabe0f67-c543-49c3-900e-4da00f1a5b47/element/842c0e00-c73d-466a-a94d-b4f3f2ff2192/click &amp#27;[39m&amp#27;[32m200&amp#27;[39m &amp#27;[90m1194 ms - 14&amp#27;[39m
&amp#27;[35m[HTTP]&amp#27;[39m &amp#27;[90m&amp#27;[39m
&amp#27;[35m[HTTP]&amp#27;[39m &amp#27;[37m-->&amp#27;[39m &amp#27;[37mPOST&amp#27;[39m &amp#27;[37m/wd/hub/session/fabe0f67-c543-49c3-900e-4da00f1a5b47/element&amp#27;[39m
&amp#27;[35m[HTTP]&amp#27;[39m &amp#27;[90m{"using":"id","value":"android:id/edit"}&amp#27;[39m
[debug] &amp#27;[35m[W3C (fabe0f67)]&amp#27;[39m Calling AppiumDriver.findElement() with args: ["id","android:id/edit","fabe0f67-c543-49c3-900e-4da00f1a5b47"]
[debug] &amp#27;[35m[BaseDriver]&amp#27;[39m Valid locator strategies for this request: xpath, id, class name, accessibility id, css selector, -android uiautomator
[debug] &amp#27;[35m[BaseDriver]&amp#27;[39m Waiting up to 10000 ms for condition
[debug] &amp#27;[35m[WD Proxy]&amp#27;[39m Matched '/element' to command name 'findElement'
[debug] &amp#27;[35m[WD Proxy]&amp#27;[39m Proxying [POST /element] to [POST http://127.0.0.1:8200/wd/hub/session/4c08dada-185d-4c17-a06a-b7dc06b4a6c0/element] with body: {"strategy":"id","selector":"android:id/edit","context":"","multiple":false}
[debug] &amp#27;[35m[WD Proxy]&amp#27;[39m Got response with status 200: {"sessionId":"4c08dada-185d-4c17-a06a-b7dc06b4a6c0","value":{"ELEMENT":"a7a2730b-a8a1-4394-ad6c-fbd0e84351d1","element-6066-11e4-a52e-4f735466cecf":"a7a2730b-a8a1-4394-ad6c-fbd0e84351d1"}}
[debug] &amp#27;[35m[W3C (fabe0f67)]&amp#27;[39m Responding to client with driver.findElement() result: {"element-6066-11e4-a52e-4f735466cecf":"a7a2730b-a8a1-4394-ad6c-fbd0e84351d1","ELEMENT":"a7a2730b-a8a1-4394-ad6c-fbd0e84351d1"}
&amp#27;[35m[HTTP]&amp#27;[39m &amp#27;[37m<-- POST /wd/hub/session/fabe0f67-c543-49c3-900e-4da00f1a5b47/element &amp#27;[39m&amp#27;[32m200&amp#27;[39m &amp#27;[90m87 ms - 137&amp#27;[39m
&amp#27;[35m[HTTP]&amp#27;[39m &amp#27;[90m&amp#27;[39m
&amp#27;[35m[HTTP]&amp#27;[39m &amp#27;[37m-->&amp#27;[39m &amp#27;[37mPOST&amp#27;[39m &amp#27;[37m/wd/hub/session/fabe0f67-c543-49c3-900e-4da00f1a5b47/element/a7a2730b-a8a1-4394-ad6c-fbd0e84351d1/value&amp#27;[39m
&amp#27;[35m[HTTP]&amp#27;[39m &amp#27;[90m{"id":"a7a2730b-a8a1-4394-ad6c-fbd0e84351d1","text":"î€ˆ@#$%","value":["î€ˆ","@","#","$","%"]}&amp#27;[39m
[debug] &amp#27;[35m[W3C (fabe0f67)]&amp#27;[39m Calling AppiumDriver.setValue() with args: [["î€ˆ","@","#","$","%"],"a7a2730b-a8a1-4394-ad6c-fbd0e84351d1","fabe0f67-c543-49c3-900e-4da00f1a5b47"]
[debug] &amp#27;[35m[WD Proxy]&amp#27;[39m Matched '/element/a7a2730b-a8a1-4394-ad6c-fbd0e84351d1/value' to command name 'setValue'
[debug] &amp#27;[35m[Protocol Converter]&amp#27;[39m Added 'value' property ["î€ˆ","@","#","$","%"] to 'setValue' request body
[debug] &amp#27;[35m[WD Proxy]&amp#27;[39m Proxying [POST /element/a7a2730b-a8a1-4394-ad6c-fbd0e84351d1/value] to [POST http://127.0.0.1:8200/wd/hub/session/4c08dada-185d-4c17-a06a-b7dc06b4a6c0/element/a7a2730b-a8a1-4394-ad6c-fbd0e84351d1/value] with body: {"elementId":"a7a2730b-a8a1-4394-ad6c-fbd0e84351d1","text":"î€ˆ@#$%","replace":false,"value":["î€ˆ","@","#","$","%"]}
[debug] &amp#27;[35m[WD Proxy]&amp#27;[39m Got response with status 200: {"sessionId":"4c08dada-185d-4c17-a06a-b7dc06b4a6c0","value":null}
[debug] &amp#27;[35m[W3C (fabe0f67)]&amp#27;[39m Responding to client with driver.setValue() result: null
&amp#27;[35m[HTTP]&amp#27;[39m &amp#27;[37m<-- POST /wd/hub/session/fabe0f67-c543-49c3-900e-4da00f1a5b47/element/a7a2730b-a8a1-4394-ad6c-fbd0e84351d1/value &amp#27;[39m&amp#27;[32m200&amp#27;[39m &amp#27;[90m146 ms - 14&amp#27;[39m
&amp#27;[35m[HTTP]&amp#27;[39m &amp#27;[90m&amp#27;[39m
&amp#27;[35m[HTTP]&amp#27;[39m &amp#27;[37m-->&amp#27;[39m &amp#27;[37mPOST&amp#27;[39m &amp#27;[37m/wd/hub/session/fabe0f67-c543-49c3-900e-4da00f1a5b47/elements&amp#27;[39m
&amp#27;[35m[HTTP]&amp#27;[39m &amp#27;[90m{"using":"class name","value":"android.widget.Button"}&amp#27;[39m
[debug] &amp#27;[35m[W3C (fabe0f67)]&amp#27;[39m Calling AppiumDriver.findElements() with args: ["class name","android.widget.Button","fabe0f67-c543-49c3-900e-4da00f1a5b47"]
[debug] &amp#27;[35m[BaseDriver]&amp#27;[39m Valid locator strategies for this request: xpath, id, class name, accessibility id, css selector, -android uiautomator
[debug] &amp#27;[35m[BaseDriver]&amp#27;[39m Waiting up to 10000 ms for condition
[debug] &amp#27;[35m[WD Proxy]&amp#27;[39m Matched '/elements' to command name 'findElements'
[debug] &amp#27;[35m[WD Proxy]&amp#27;[39m Proxying [POST /elements] to [POST http://127.0.0.1:8200/wd/hub/session/4c08dada-185d-4c17-a06a-b7dc06b4a6c0/elements] with body: {"strategy":"class name","selector":"android.widget.Button","context":"","multiple":true}
[debug] &amp#27;[35m[WD Proxy]&amp#27;[39m Got response with status 200: {"sessionId":"4c08dada-185d-4c17-a06a-b7dc06b4a6c0","value":[{"ELEMENT":"ac5be895-fe9a-41f5-b2ea-c711babd9856","element-6066-11e4-a52e-4f735466cecf":"ac5be895-fe9a-41f5-b2ea-c711babd9856"},{"ELEMENT":"72893df0-534e-4494-8034-d9b66fecf685","element-6066-11e4-a52e-4f735466cecf":"72893df0-534e-4494-8034-d9b66fecf685"}]}
[debug] &amp#27;[35m[W3C (fabe0f67)]&amp#27;[39m Responding to client with driver.findElements() result: [{"element-6066-11e4-a52e-4f735466cecf":"ac5be895-fe9a-41f5-b2ea-c711babd9856","ELEMENT":"ac5be895-fe9a-41f5-b2ea-c711babd9856"},{"element-6066-11e4-a52e-4f735466cecf":"72893df0-534e-4494-8034-d9b66fecf685","ELEMENT":"72893df0-534e-4494-8034-d9b66fecf685"}]
&amp#27;[35m[HTTP]&amp#27;[39m &amp#27;[37m<-- POST /wd/hub/session/fabe0f67-c543-49c3-900e-4da00f1a5b47/elements &amp#27;[39m&amp#27;[32m200&amp#27;[39m &amp#27;[90m560 ms - 267&amp#27;[39m
&amp#27;[35m[HTTP]&amp#27;[39m &amp#27;[90m&amp#27;[39m
&amp#27;[35m[HTTP]&amp#27;[39m &amp#27;[37m-->&amp#27;[39m &amp#27;[37mPOST&amp#27;[39m &amp#27;[37m/wd/hub/session/fabe0f67-c543-49c3-900e-4da00f1a5b47/element/72893df0-534e-4494-8034-d9b66fecf685/click&amp#27;[39m
&amp#27;[35m[HTTP]&amp#27;[39m &amp#27;[90m{"id":"72893df0-534e-4494-8034-d9b66fecf685"}&amp#27;[39m
[debug] &amp#27;[35m[W3C (fabe0f67)]&amp#27;[39m Calling AppiumDriver.click() with args: ["72893df0-534e-4494-8034-d9b66fecf685","fabe0f67-c543-49c3-900e-4da00f1a5b47"]
[debug] &amp#27;[35m[WD Proxy]&amp#27;[39m Matched '/element/72893df0-534e-4494-8034-d9b66fecf685/click' to command name 'click'
[debug] &amp#27;[35m[WD Proxy]&amp#27;[39m Proxying [POST /element/72893df0-534e-4494-8034-d9b66fecf685/click] to [POST http://127.0.0.1:8200/wd/hub/session/4c08dada-185d-4c17-a06a-b7dc06b4a6c0/element/72893df0-534e-4494-8034-d9b66fecf685/click] with body: {"element":"72893df0-534e-4494-8034-d9b66fecf685"}
[debug] &amp#27;[35m[WD Proxy]&amp#27;[39m Got response with status 200: {"sessionId":"4c08dada-185d-4c17-a06a-b7dc06b4a6c0","value":null}
[debug] &amp#27;[35m[W3C (fabe0f67)]&amp#27;[39m Responding to client with driver.click() result: null
&amp#27;[35m[HTTP]&amp#27;[39m &amp#27;[37m<-- POST /wd/hub/session/fabe0f67-c543-49c3-900e-4da00f1a5b47/element/72893df0-534e-4494-8034-d9b66fecf685/click &amp#27;[39m&amp#27;[32m200&amp#27;[39m &amp#27;[90m112 ms - 14&amp#27;[39m
&amp#27;[35m[HTTP]&amp#27;[39m &amp#27;[90m&amp#27;[39m
]]></system-out>
    <system-err><![CDATA[Aug 22, 2021 6:18:17 PM io.appium.java_client.remote.AppiumCommandExecutor$1 lambda$0
INFO: Detected dialect: W3C
]]></system-err>
  </testcase>
</testsuite>